2022-09-24 23:14:45,756 [INFO] Activator:177 - 


2022-09-24 23:14:45,758 [INFO] Activator:178 - !SESSION log4j initialized
2022-09-24 23:16:59,649 [INFO] McuFinderGlobals:39 - Set McuFinder mode to 2 (CubeIDE integrated)
2022-09-24 23:17:00,219 [INFO] ApplicationProperties:181 - Using Application install path: D:\App\STM32CubeIDE_1.7.0\STM32CubeIDE\plugins\com.st.stm32cube.common.mx_6.3.0.202107141111
2022-09-24 23:17:00,235 [INFO] DbMcusXml:74 - Set database path to: D:\App\STM32CubeIDE_1.7.0\STM32CubeIDE\plugins\com.st.stm32cube.common.mx_6.3.0.202107141111\\db\/mcu/
2022-09-24 23:17:00,240 [INFO] DbBoardsPdsc:56 - Set plugin database path to: D:\App\STM32CubeIDE_1.7.0\STM32CubeIDE\plugins\com.st.stm32cube.common.mx_6.3.0.202107141111\\db\/plugins/boardmanager/
2022-09-24 23:17:00,240 [INFO] DbMcus:258 - Set plugin images path to: D:\App\STM32CubeIDE_1.7.0\STM32CubeIDE\plugins\com.st.stm32cube.common.mx_6.3.0.202107141111\\db\/plugins/mcufinder/images/
2022-09-24 23:17:00,241 [INFO] DbBoards:264 - Set plugin images path to: D:\App\STM32CubeIDE_1.7.0\STM32CubeIDE\plugins\com.st.stm32cube.common.mx_6.3.0.202107141111\\db\/plugins/mcufinder/images/
2022-09-24 23:17:00,244 [INFO] DbExamples:333 - Set plugin images path to: D:\App\STM32CubeIDE_1.7.0\STM32CubeIDE\plugins\com.st.stm32cube.common.mx_6.3.0.202107141111\\db\/plugins/mcufinder/images/
2022-09-24 23:17:00,256 [INFO] DbMcusAds:119 - Set database path to: C:\Users\hoang\.stmcufinder\plugins\mcufinder//mcu/
2022-09-24 23:17:00,257 [INFO] DbMcusDocs:110 - Set database path to: C:\Users\hoang\.stmcufinder\plugins\mcufinder//mcu/
2022-09-24 23:17:00,260 [INFO] DbMcusJson:64 - Set database path to: C:\Users\hoang\.stmcufinder\plugins\mcufinder//mcu/
2022-09-24 23:17:00,261 [INFO] DbBoardsDocs:110 - Set database path to: C:\Users\hoang\.stmcufinder\plugins\mcufinder//mcu/
2022-09-24 23:17:00,262 [INFO] DbBoardsJson:57 - Set database path to: C:\Users\hoang\.stmcufinder\plugins\mcufinder//mcu/
2022-09-24 23:17:00,273 [INFO] CrossReferenceDbSqlite:196 - Set database path to: C:\Users\hoang\.stmcufinder\plugins\mcufinder//mcu/cs/
2022-09-24 23:17:00,277 [INFO] DbExamplesSqlite:767 - Set database path to: C:\Users\hoang\.stmcufinder\plugins\mcufinder//mcu/
2022-09-24 23:17:00,378 [INFO] RulesReader:57 - Compatibility file has been processed (242 Rules)
2022-09-24 23:17:00,507 [INFO] DbMcusXml:74 - Set database path to: D:\App\STM32CubeIDE_1.7.0\STM32CubeIDE\plugins\com.st.stm32cube.common.mx_6.3.0.202107141111\\db\/mcu/
2022-09-24 23:17:00,507 [INFO] DbBoardsPdsc:56 - Set plugin database path to: D:\App\STM32CubeIDE_1.7.0\STM32CubeIDE\plugins\com.st.stm32cube.common.mx_6.3.0.202107141111\\db\/plugins/boardmanager/
2022-09-24 23:17:00,507 [INFO] DbMcus:258 - Set plugin images path to: D:\App\STM32CubeIDE_1.7.0\STM32CubeIDE\plugins\com.st.stm32cube.common.mx_6.3.0.202107141111\\db\/plugins/mcufinder/images/
2022-09-24 23:17:00,507 [INFO] DbBoards:264 - Set plugin images path to: D:\App\STM32CubeIDE_1.7.0\STM32CubeIDE\plugins\com.st.stm32cube.common.mx_6.3.0.202107141111\\db\/plugins/mcufinder/images/
2022-09-24 23:17:00,507 [INFO] DbExamples:333 - Set plugin images path to: D:\App\STM32CubeIDE_1.7.0\STM32CubeIDE\plugins\com.st.stm32cube.common.mx_6.3.0.202107141111\\db\/plugins/mcufinder/images/
2022-09-24 23:17:00,509 [WARN] DbFile:35 - Overriding database path with different value: C:\Users\hoang\.stmcufinder\plugins\mcufinder/ => C:\Users\hoang\.stmcufinder\plugins\mcufinder
2022-09-24 23:17:00,509 [INFO] DbMcusAds:119 - Set database path to: C:\Users\hoang\.stmcufinder\plugins\mcufinder//mcu/
2022-09-24 23:17:00,509 [WARN] DbFile:35 - Overriding database path with different value: C:\Users\hoang\.stmcufinder\plugins\mcufinder/ => C:\Users\hoang\.stmcufinder\plugins\mcufinder
2022-09-24 23:17:00,509 [INFO] DbMcusDocs:110 - Set database path to: C:\Users\hoang\.stmcufinder\plugins\mcufinder//mcu/
2022-09-24 23:17:00,509 [WARN] DbFile:35 - Overriding database path with different value: C:\Users\hoang\.stmcufinder\plugins\mcufinder/ => C:\Users\hoang\.stmcufinder\plugins\mcufinder
2022-09-24 23:17:00,509 [INFO] DbMcusJson:64 - Set database path to: C:\Users\hoang\.stmcufinder\plugins\mcufinder//mcu/
2022-09-24 23:17:00,509 [WARN] DbFile:35 - Overriding database path with different value: C:\Users\hoang\.stmcufinder\plugins\mcufinder/ => C:\Users\hoang\.stmcufinder\plugins\mcufinder
2022-09-24 23:17:00,509 [INFO] DbBoardsDocs:110 - Set database path to: C:\Users\hoang\.stmcufinder\plugins\mcufinder//mcu/
2022-09-24 23:17:00,509 [WARN] DbFile:35 - Overriding database path with different value: C:\Users\hoang\.stmcufinder\plugins\mcufinder/ => C:\Users\hoang\.stmcufinder\plugins\mcufinder
2022-09-24 23:17:00,510 [INFO] DbBoardsJson:57 - Set database path to: C:\Users\hoang\.stmcufinder\plugins\mcufinder//mcu/
2022-09-24 23:17:00,510 [WARN] DbFile:35 - Overriding database path with different value: C:\Users\hoang\.stmcufinder\plugins\mcufinder/ => C:\Users\hoang\.stmcufinder\plugins\mcufinder
2022-09-24 23:17:00,510 [WARN] DbFile:35 - Overriding database path with different value: C:\Users\hoang\.stmcufinder\plugins\mcufinder/ => C:\Users\hoang\.stmcufinder\plugins\mcufinder
2022-09-24 23:17:00,510 [INFO] CrossReferenceDbSqlite:196 - Set database path to: C:\Users\hoang\.stmcufinder\plugins\mcufinder//mcu/cs/
2022-09-24 23:17:00,510 [WARN] DbFile:35 - Overriding database path with different value: C:\Users\hoang\.stmcufinder\plugins\mcufinder/ => C:\Users\hoang\.stmcufinder\plugins\mcufinder
2022-09-24 23:17:00,510 [INFO] DbExamplesSqlite:767 - Set database path to: C:\Users\hoang\.stmcufinder\plugins\mcufinder//mcu/
2022-09-24 23:17:00,612 [INFO] MainPanel:214 - HeapMemory: 587202560
2022-09-24 23:17:00,739 [INFO] DbMcusXml:74 - Set database path to: D:\App\STM32CubeIDE_1.7.0\STM32CubeIDE\plugins\com.st.stm32cube.common.mx_6.3.0.202107141111\\db\/mcu/
2022-09-24 23:17:00,739 [INFO] DbBoardsPdsc:56 - Set plugin database path to: D:\App\STM32CubeIDE_1.7.0\STM32CubeIDE\plugins\com.st.stm32cube.common.mx_6.3.0.202107141111\\db\/plugins/boardmanager/
2022-09-24 23:17:00,739 [INFO] DbMcus:258 - Set plugin images path to: D:\App\STM32CubeIDE_1.7.0\STM32CubeIDE\plugins\com.st.stm32cube.common.mx_6.3.0.202107141111\\db\/plugins/mcufinder/images/
2022-09-24 23:17:00,739 [INFO] DbBoards:264 - Set plugin images path to: D:\App\STM32CubeIDE_1.7.0\STM32CubeIDE\plugins\com.st.stm32cube.common.mx_6.3.0.202107141111\\db\/plugins/mcufinder/images/
2022-09-24 23:17:00,739 [INFO] DbExamples:333 - Set plugin images path to: D:\App\STM32CubeIDE_1.7.0\STM32CubeIDE\plugins\com.st.stm32cube.common.mx_6.3.0.202107141111\\db\/plugins/mcufinder/images/
2022-09-24 23:17:00,740 [WARN] DbFile:35 - Overriding database path with different value: C:\Users\hoang\.stmcufinder\plugins\mcufinder/ => C:\Users\hoang\.stmcufinder\plugins\mcufinder
2022-09-24 23:17:00,740 [INFO] DbMcusAds:119 - Set database path to: C:\Users\hoang\.stmcufinder\plugins\mcufinder//mcu/
2022-09-24 23:17:00,740 [WARN] DbFile:35 - Overriding database path with different value: C:\Users\hoang\.stmcufinder\plugins\mcufinder/ => C:\Users\hoang\.stmcufinder\plugins\mcufinder
2022-09-24 23:17:00,740 [INFO] DbMcusDocs:110 - Set database path to: C:\Users\hoang\.stmcufinder\plugins\mcufinder//mcu/
2022-09-24 23:17:00,740 [WARN] DbFile:35 - Overriding database path with different value: C:\Users\hoang\.stmcufinder\plugins\mcufinder/ => C:\Users\hoang\.stmcufinder\plugins\mcufinder
2022-09-24 23:17:00,740 [INFO] DbMcusJson:64 - Set database path to: C:\Users\hoang\.stmcufinder\plugins\mcufinder//mcu/
2022-09-24 23:17:00,740 [WARN] DbFile:35 - Overriding database path with different value: C:\Users\hoang\.stmcufinder\plugins\mcufinder/ => C:\Users\hoang\.stmcufinder\plugins\mcufinder
2022-09-24 23:17:00,741 [INFO] DbBoardsDocs:110 - Set database path to: C:\Users\hoang\.stmcufinder\plugins\mcufinder//mcu/
2022-09-24 23:17:00,741 [WARN] DbFile:35 - Overriding database path with different value: C:\Users\hoang\.stmcufinder\plugins\mcufinder/ => C:\Users\hoang\.stmcufinder\plugins\mcufinder
2022-09-24 23:17:00,741 [INFO] DbBoardsJson:57 - Set database path to: C:\Users\hoang\.stmcufinder\plugins\mcufinder//mcu/
2022-09-24 23:17:00,741 [WARN] DbFile:35 - Overriding database path with different value: C:\Users\hoang\.stmcufinder\plugins\mcufinder/ => C:\Users\hoang\.stmcufinder\plugins\mcufinder
2022-09-24 23:17:00,741 [WARN] DbFile:35 - Overriding database path with different value: C:\Users\hoang\.stmcufinder\plugins\mcufinder/ => C:\Users\hoang\.stmcufinder\plugins\mcufinder
2022-09-24 23:17:00,741 [INFO] CrossReferenceDbSqlite:196 - Set database path to: C:\Users\hoang\.stmcufinder\plugins\mcufinder//mcu/cs/
2022-09-24 23:17:00,742 [WARN] DbFile:35 - Overriding database path with different value: C:\Users\hoang\.stmcufinder\plugins\mcufinder/ => C:\Users\hoang\.stmcufinder\plugins\mcufinder
2022-09-24 23:17:00,742 [INFO] DbExamplesSqlite:767 - Set database path to: C:\Users\hoang\.stmcufinder\plugins\mcufinder//mcu/
2022-09-24 23:17:00,767 [INFO] ApplicationProperties:181 - Using Application install path: D:\App\STM32CubeIDE_1.7.0\STM32CubeIDE\plugins\com.st.stm32cube.common.mx_6.3.0.202107141111
2022-09-24 23:17:00,769 [INFO] PluginManage:188 - Search for loadable plugins [exclusion list=, ]
2022-09-24 23:17:00,770 [INFO] PluginManage:302 - Check plugin analytics
2022-09-24 23:17:00,938 [INFO] AnalyticsPlugin:257 - Accepted Software Licenses: 
2022-09-24 23:17:00,939 [INFO] AnalyticsPlugin:259 - Accepted CMSIS Pack Licenses: 
2022-09-24 23:17:00,939 [INFO] AnalyticsPlugin:261 - Accepted Firmware Licenses: 
2022-09-24 23:17:00,940 [INFO] PluginManage:352 - Loaded plugin analytics (category:tool,tabindex:-1)
2022-09-24 23:17:00,940 [INFO] PluginManage:302 - Check plugin clock
2022-09-24 23:17:00,959 [INFO] PluginManage:352 - Loaded plugin clock (category:base,tabindex:2)
2022-09-24 23:17:00,960 [INFO] PluginManage:302 - Check plugin ddr
2022-09-24 23:17:00,963 [INFO] PluginManage:352 - Loaded plugin ddr (category:tool,tabindex:6)
2022-09-24 23:17:00,963 [INFO] PluginManage:302 - Check plugin filemanager
2022-09-24 23:17:01,107 [INFO] PluginManage:352 - Loaded plugin filemanager (category:base,tabindex:10)
2022-09-24 23:17:01,107 [INFO] PluginManage:302 - Check plugin ipmanager
2022-09-24 23:17:01,117 [INFO] PluginManage:352 - Loaded plugin ipmanager (category:base,tabindex:5)
2022-09-24 23:17:01,117 [INFO] PluginManage:302 - Check plugin pinoutandconfiguration
2022-09-24 23:17:01,133 [INFO] PluginManage:352 - Loaded plugin pinoutandconfiguration (category:base,tabindex:1)
2022-09-24 23:17:01,133 [INFO] PluginManage:302 - Check plugin pinoutconfig
2022-09-24 23:17:01,177 [INFO] PluginManage:352 - Loaded plugin pinoutconfig (category:base,tabindex:0)
2022-09-24 23:17:01,177 [INFO] PluginManage:302 - Check plugin power
2022-09-24 23:17:01,201 [INFO] PluginManage:352 - Loaded plugin power (category:power,tabindex:4)
2022-09-24 23:17:01,202 [INFO] PluginManage:302 - Check plugin projectmanager
2022-09-24 23:17:01,222 [INFO] PluginManage:352 - Loaded plugin projectmanager (category:projectmanager,tabindex:3)
2022-09-24 23:17:01,222 [INFO] PluginManage:302 - Check plugin thirdparty
2022-09-24 23:17:01,498 [WARN] IntegrityCheckThread:78 - waiting for thirdparty lock release [integrity check]
2022-09-24 23:17:01,500 [INFO] PluginManage:352 - Loaded plugin thirdparty (category:base,tabindex:-1)
2022-09-24 23:17:01,500 [INFO] IntegrityCheckThread:80 - entering critical section [integrity check]
2022-09-24 23:17:01,501 [INFO] PluginManage:302 - Check plugin tools
2022-09-24 23:17:01,501 [INFO] ThirdPartyUpdaterWithRetryManager:66 - Updater plugin not ready yet. [1/15]
2022-09-24 23:17:01,568 [INFO] PluginManage:352 - Loaded plugin tools (category:base,tabindex:7)
2022-09-24 23:17:01,568 [INFO] PluginManage:302 - Check plugin tutovideos
2022-09-24 23:17:01,920 [INFO] PluginManage:352 - Loaded plugin tutovideos (category:base,tabindex:-1)
2022-09-24 23:17:01,920 [INFO] PluginManage:302 - Check plugin updater
2022-09-24 23:17:01,940 [INFO] PluginManage:352 - Loaded plugin updater (category:base,tabindex:12)
2022-09-24 23:17:01,940 [INFO] PluginManage:275 - PluginManage : Loaded plugins [13]
2022-09-24 23:17:02,171 [INFO] PinOutPanel:1463 - setPackage(No Configuration,No Configuration)
2022-09-24 23:17:02,350 [INFO] IPUIPlugin:74 - create IPUIPlugin
2022-09-24 23:17:02,350 [INFO] PluginManager:213 - loadIPPluginJar : add adc
2022-09-24 23:17:02,398 [INFO] IPUIPlugin:74 - create IPUIPlugin
2022-09-24 23:17:02,398 [INFO] PluginManager:213 - loadIPPluginJar : add aes
2022-09-24 23:17:02,450 [INFO] IPUIPlugin:74 - create IPUIPlugin
2022-09-24 23:17:02,450 [INFO] PluginManager:213 - loadIPPluginJar : add can
2022-09-24 23:17:02,481 [INFO] IPUIPlugin:74 - create IPUIPlugin
2022-09-24 23:17:02,482 [INFO] PluginManager:213 - loadIPPluginJar : add comp
2022-09-24 23:17:02,524 [INFO] IPUIPlugin:74 - create IPUIPlugin
2022-09-24 23:17:02,524 [INFO] PluginManager:213 - loadIPPluginJar : add cryp
2022-09-24 23:17:02,568 [INFO] IPUIPlugin:74 - create IPUIPlugin
2022-09-24 23:17:02,570 [INFO] PluginManager:213 - loadIPPluginJar : add dfsdm
2022-09-24 23:17:02,589 [INFO] IPUIPlugin:74 - create IPUIPlugin
2022-09-24 23:17:02,591 [INFO] PluginManager:213 - loadIPPluginJar : add dma
2022-09-24 23:17:02,646 [INFO] IPUIPlugin:74 - create IPUIPlugin
2022-09-24 23:17:02,646 [INFO] PluginManager:213 - loadIPPluginJar : add dma3
2022-09-24 23:17:02,678 [INFO] IPUIPlugin:74 - create IPUIPlugin
2022-09-24 23:17:02,678 [INFO] PluginManager:213 - loadIPPluginJar : add fatfs
2022-09-24 23:17:02,737 [INFO] IPUIPlugin:74 - create IPUIPlugin
2022-09-24 23:17:02,737 [INFO] PluginManager:213 - loadIPPluginJar : add fmc
2022-09-24 23:17:02,754 [INFO] IPUIPlugin:74 - create IPUIPlugin
2022-09-24 23:17:02,754 [INFO] PluginManager:213 - loadIPPluginJar : add freertos
2022-09-24 23:17:02,781 [INFO] IPUIPlugin:74 - create IPUIPlugin
2022-09-24 23:17:02,782 [INFO] PluginManager:213 - loadIPPluginJar : add genericplugin
2022-09-24 23:17:02,872 [INFO] IPUIPlugin:74 - create IPUIPlugin
2022-09-24 23:17:02,872 [INFO] PluginManager:213 - loadIPPluginJar : add gfxmmu
2022-09-24 23:17:03,008 [INFO] IPUIPlugin:74 - create IPUIPlugin
2022-09-24 23:17:03,009 [INFO] PluginManager:213 - loadIPPluginJar : add gic
2022-09-24 23:17:03,024 [INFO] IPUIPlugin:74 - create IPUIPlugin
2022-09-24 23:17:03,024 [INFO] PluginManager:213 - loadIPPluginJar : add gpio
2022-09-24 23:17:03,099 [INFO] IPUIPlugin:74 - create IPUIPlugin
2022-09-24 23:17:03,100 [INFO] PluginManager:213 - loadIPPluginJar : add gtzc
2022-09-24 23:17:03,134 [INFO] IPUIPlugin:74 - create IPUIPlugin
2022-09-24 23:17:03,135 [INFO] PluginManager:213 - loadIPPluginJar : add hash
2022-09-24 23:17:03,188 [INFO] IPUIPlugin:74 - create IPUIPlugin
2022-09-24 23:17:03,189 [INFO] PluginManager:213 - loadIPPluginJar : add i2c
2022-09-24 23:17:03,233 [INFO] IPUIPlugin:74 - create IPUIPlugin
2022-09-24 23:17:03,234 [INFO] PluginManager:213 - loadIPPluginJar : add i2s
2022-09-24 23:17:03,246 [INFO] IPUIPlugin:74 - create IPUIPlugin
2022-09-24 23:17:03,247 [INFO] PluginManager:213 - loadIPPluginJar : add ipddr
2022-09-24 23:17:03,344 [INFO] IPUIPlugin:74 - create IPUIPlugin
2022-09-24 23:17:03,344 [INFO] PluginManager:213 - loadIPPluginJar : add linkedlist
2022-09-24 23:17:03,381 [INFO] IPUIPlugin:74 - create IPUIPlugin
2022-09-24 23:17:03,382 [INFO] PluginManager:213 - loadIPPluginJar : add lorawan
2022-09-24 23:17:03,443 [INFO] IPUIPlugin:74 - create IPUIPlugin
2022-09-24 23:17:03,444 [INFO] PluginManager:213 - loadIPPluginJar : add ltdc
2022-09-24 23:17:03,456 [INFO] IPUIPlugin:74 - create IPUIPlugin
2022-09-24 23:17:03,456 [INFO] PluginManager:213 - loadIPPluginJar : add mdma
2022-09-24 23:17:03,468 [INFO] IPUIPlugin:74 - create IPUIPlugin
2022-09-24 23:17:03,468 [INFO] PluginManager:213 - loadIPPluginJar : add nvic
2022-09-24 23:17:03,507 [INFO] IPUIPlugin:74 - create IPUIPlugin
2022-09-24 23:17:03,507 [INFO] PluginManager:213 - loadIPPluginJar : add opamp
2022-09-24 23:17:03,569 [INFO] IPUIPlugin:74 - create IPUIPlugin
2022-09-24 23:17:03,570 [INFO] PluginManager:213 - loadIPPluginJar : add openamp
2022-09-24 23:17:03,613 [INFO] IPUIPlugin:74 - create IPUIPlugin
2022-09-24 23:17:03,613 [INFO] PluginManager:213 - loadIPPluginJar : add pdm2pcm
2022-09-24 23:17:03,628 [INFO] IPUIPlugin:74 - create IPUIPlugin
2022-09-24 23:17:03,631 [INFO] PluginManager:213 - loadIPPluginJar : add plateformsettings
2022-09-24 23:17:03,656 [INFO] IPUIPlugin:74 - create IPUIPlugin
2022-09-24 23:17:03,656 [INFO] PluginManager:213 - loadIPPluginJar : add quadspi
2022-09-24 23:17:03,669 [INFO] IPUIPlugin:74 - create IPUIPlugin
2022-09-24 23:17:03,669 [INFO] PluginManager:213 - loadIPPluginJar : add resmgrutility
2022-09-24 23:17:03,722 [INFO] IPUIPlugin:74 - create IPUIPlugin
2022-09-24 23:17:03,722 [INFO] PluginManager:213 - loadIPPluginJar : add sai
2022-09-24 23:17:03,761 [INFO] IPUIPlugin:74 - create IPUIPlugin
2022-09-24 23:17:03,761 [INFO] PluginManager:213 - loadIPPluginJar : add spi
2022-09-24 23:17:03,814 [INFO] IPUIPlugin:74 - create IPUIPlugin
2022-09-24 23:17:03,814 [INFO] PluginManager:213 - loadIPPluginJar : add stm32_wpan
2022-09-24 23:17:03,841 [INFO] IPUIPlugin:74 - create IPUIPlugin
2022-09-24 23:17:03,841 [INFO] PluginManager:213 - loadIPPluginJar : add tim
2022-09-24 23:17:03,900 [INFO] IPUIPlugin:74 - create IPUIPlugin
2022-09-24 23:17:03,901 [INFO] PluginManager:213 - loadIPPluginJar : add touchsensing
2022-09-24 23:17:03,930 [INFO] IPUIPlugin:74 - create IPUIPlugin
2022-09-24 23:17:03,930 [INFO] PluginManager:213 - loadIPPluginJar : add tracer_emb
2022-09-24 23:17:03,979 [INFO] IPUIPlugin:74 - create IPUIPlugin
2022-09-24 23:17:03,980 [INFO] PluginManager:213 - loadIPPluginJar : add ts
2022-09-24 23:17:04,006 [INFO] IPUIPlugin:74 - create IPUIPlugin
2022-09-24 23:17:04,006 [INFO] PluginManager:213 - loadIPPluginJar : add tsc
2022-09-24 23:17:04,032 [INFO] IPUIPlugin:74 - create IPUIPlugin
2022-09-24 23:17:04,032 [INFO] PluginManager:213 - loadIPPluginJar : add ucpd
2022-09-24 23:17:04,078 [INFO] IPUIPlugin:74 - create IPUIPlugin
2022-09-24 23:17:04,078 [INFO] PluginManager:213 - loadIPPluginJar : add usart
2022-09-24 23:17:04,116 [INFO] IPUIPlugin:74 - create IPUIPlugin
2022-09-24 23:17:04,116 [INFO] PluginManager:213 - loadIPPluginJar : add usbx
2022-09-24 23:17:04,470 [FATAL] Updater:294 - Updater called before beeing initialized
2022-09-24 23:17:04,504 [INFO] ThirdPartyUpdaterWithRetryManager:66 - Updater plugin not ready yet. [2/15]
2022-09-24 23:17:04,605 [FATAL] Updater:294 - Updater called before beeing initialized
2022-09-24 23:17:04,614 [INFO] DbMcusAds:47 - JSON generation date=Thu Sep 30 13:55:09 ICT 2021 (1632984909377)
2022-09-24 23:17:04,615 [FATAL] Updater:294 - Updater called before beeing initialized
2022-09-24 23:17:04,712 [WARN] DetailPanel:314 - Failed to get advertising image, set to default
2022-09-24 23:17:04,821 [FATAL] Updater:294 - Updater called before beeing initialized
2022-09-24 23:17:04,824 [FATAL] Updater:294 - Updater called before beeing initialized
2022-09-24 23:17:04,825 [FATAL] Updater:294 - Updater called before beeing initialized
2022-09-24 23:17:04,825 [WARN] DetailPanel:314 - Failed to get advertising image, set to default
2022-09-24 23:17:04,826 [FATAL] Updater:294 - Updater called before beeing initialized
2022-09-24 23:17:04,902 [ERROR] Updater:1075 - MainUpdater not yet initialized. External WinMGr cannot be set.
2022-09-24 23:17:04,913 [INFO] Updater:1012 - Updater Version found : 6.3.0
2022-09-24 23:17:04,942 [INFO] ApplicationProperties:181 - Using Application install path: D:\App\STM32CubeIDE_1.7.0\STM32CubeIDE\plugins\com.st.stm32cube.common.mx_6.3.0.202107141111
2022-09-24 23:17:05,498 [INFO] MainUpdater:2671 - connection check result : 10
2022-09-24 23:17:05,499 [INFO] MainUpdater:265 - Updater Check For Update Now.
2022-09-24 23:17:05,500 [INFO] MicroXplorer:478 - Change Database Version : DB.6.0.30
2022-09-24 23:17:05,680 [INFO] CheckServerUpdateThread:112 - End of CheckServer Thread
2022-09-24 23:17:05,752 [INFO] MainUpdater:2671 - connection check result : 10
2022-09-24 23:17:05,776 [INFO] McuFinderGlobals:52 - Set McuFinderConnectedMode to true
2022-09-24 23:17:05,941 [INFO] ServerAccessManage:362 - Download File mcusAds.json._tmp_
2022-09-24 23:17:06,056 [INFO] LoadUrlFilesThread:145 - End of LoadUrlFiles Thread
2022-09-24 23:17:06,736 [INFO] ServerAccessManage:362 - Download File mcusDocs.json._tmp_
2022-09-24 23:17:07,518 [WARN] MainUpdater:1122 - Updater busy. Cannot search thirdparties
2022-09-24 23:17:07,518 [INFO] ThirdPartyUpdaterWithRetryManager:92 - Updater plugin is busy. [1/15]
2022-09-24 23:17:07,747 [INFO] LoadUrlFilesThread:145 - End of LoadUrlFiles Thread
2022-09-24 23:17:07,952 [INFO] ServerAccessManage:362 - Download File mcusFeaturesAndDescription.json._tmp_
2022-09-24 23:17:10,528 [WARN] MainUpdater:1122 - Updater busy. Cannot search thirdparties
2022-09-24 23:17:10,528 [INFO] ThirdPartyUpdaterWithRetryManager:92 - Updater plugin is busy. [2/15]
2022-09-24 23:17:13,542 [WARN] MainUpdater:1122 - Updater busy. Cannot search thirdparties
2022-09-24 23:17:13,542 [INFO] ThirdPartyUpdaterWithRetryManager:92 - Updater plugin is busy. [3/15]
2022-09-24 23:17:16,545 [WARN] MainUpdater:1122 - Updater busy. Cannot search thirdparties
2022-09-24 23:17:16,545 [INFO] ThirdPartyUpdaterWithRetryManager:92 - Updater plugin is busy. [4/15]
2022-09-24 23:17:18,824 [INFO] LoadUrlFilesThread:145 - End of LoadUrlFiles Thread
2022-09-24 23:17:19,032 [INFO] ServerAccessManage:362 - Download File boardsDocs.json._tmp_
2022-09-24 23:17:19,172 [INFO] LoadUrlFilesThread:145 - End of LoadUrlFiles Thread
2022-09-24 23:17:19,362 [INFO] ServerAccessManage:362 - Download File boards.json._tmp_
2022-09-24 23:17:19,553 [WARN] MainUpdater:1122 - Updater busy. Cannot search thirdparties
2022-09-24 23:17:19,553 [INFO] ThirdPartyUpdaterWithRetryManager:92 - Updater plugin is busy. [5/15]
2022-09-24 23:17:20,097 [INFO] LoadUrlFilesThread:145 - End of LoadUrlFiles Thread
2022-09-24 23:17:20,477 [INFO] ServerAccessManage:362 - Download File cube-finder-db.zip
2022-09-24 23:17:22,564 [WARN] MainUpdater:1122 - Updater busy. Cannot search thirdparties
2022-09-24 23:17:22,564 [INFO] ThirdPartyUpdaterWithRetryManager:92 - Updater plugin is busy. [6/15]
2022-09-24 23:17:25,576 [WARN] MainUpdater:1122 - Updater busy. Cannot search thirdparties
2022-09-24 23:17:25,576 [INFO] ThirdPartyUpdaterWithRetryManager:92 - Updater plugin is busy. [7/15]
2022-09-24 23:17:28,589 [WARN] MainUpdater:1122 - Updater busy. Cannot search thirdparties
2022-09-24 23:17:28,589 [INFO] ThirdPartyUpdaterWithRetryManager:92 - Updater plugin is busy. [8/15]
2022-09-24 23:17:31,600 [WARN] MainUpdater:1122 - Updater busy. Cannot search thirdparties
2022-09-24 23:17:31,600 [INFO] ThirdPartyUpdaterWithRetryManager:92 - Updater plugin is busy. [9/15]
2022-09-24 23:17:34,612 [WARN] MainUpdater:1122 - Updater busy. Cannot search thirdparties
2022-09-24 23:17:34,612 [INFO] ThirdPartyUpdaterWithRetryManager:92 - Updater plugin is busy. [10/15]
2022-09-24 23:17:37,615 [WARN] MainUpdater:1122 - Updater busy. Cannot search thirdparties
2022-09-24 23:17:37,615 [INFO] ThirdPartyUpdaterWithRetryManager:92 - Updater plugin is busy. [11/15]
2022-09-24 23:17:40,617 [WARN] MainUpdater:1122 - Updater busy. Cannot search thirdparties
2022-09-24 23:17:40,617 [INFO] ThirdPartyUpdaterWithRetryManager:92 - Updater plugin is busy. [12/15]
2022-09-24 23:17:43,629 [WARN] MainUpdater:1122 - Updater busy. Cannot search thirdparties
2022-09-24 23:17:43,629 [INFO] ThirdPartyUpdaterWithRetryManager:92 - Updater plugin is busy. [13/15]
2022-09-24 23:17:43,769 [ERROR] ServerAccessManage:531 - User Cancel Download : cube-finder-db.zip.
2022-09-24 23:17:43,878 [INFO] LoadUrlFilesThread:145 - End of LoadUrlFiles Thread
2022-09-24 23:17:46,359 [INFO] DbMcusAds:47 - JSON generation date=Thu Sep 30 13:55:09 ICT 2021 (1632984909247)
2022-09-24 23:17:46,389 [INFO] DbMcusDocs:143 - JSON generation date=Tue Nov 16 23:17:54 ICT 2021 (1637079474)
2022-09-24 23:17:46,392 [INFO] DbMcusXml:100 - Load MCU database from D:\App\STM32CubeIDE_1.7.0\STM32CubeIDE\plugins\com.st.stm32cube.common.mx_6.3.0.202107141111\\db\/mcu/families.xml
2022-09-24 23:17:46,981 [WARN] PackLoader:238 - Cannot read IP mode file for STMicroelectronics.X-CUBE-GNSS1.6.0.0
2022-09-24 23:17:47,057 [WARN] PackLoader:238 - Cannot read IP mode file for STMicroelectronics.X-CUBE-AZRTOS-F4.1.1.0
2022-09-24 23:17:47,175 [WARN] PackLoader:238 - Cannot read IP mode file for STMicroelectronics.X-CUBE-MEMS1.9.2.0
2022-09-24 23:17:47,409 [INFO] MainUpdater:2671 - connection check result : 10
2022-09-24 23:17:47,574 [WARN] PackLoader:238 - Cannot read IP mode file for STMicroelectronics.X-CUBE-AZRTOS-F7.1.1.0
2022-09-24 23:17:47,597 [WARN] PackLoader:238 - Cannot read IP mode file for STMicroelectronics.X-CUBE-AI.7.1.0
2022-09-24 23:17:47,616 [WARN] PackLoader:238 - Cannot read IP mode file for STMicroelectronics.X-CUBE-TOUCHGFX.4.19.1
2022-09-24 23:17:47,633 [WARN] PackLoader:238 - Cannot read IP mode file for STMicroelectronics.X-CUBE-BLE1.6.2.3
2022-09-24 23:17:47,664 [WARN] PackLoader:238 - Cannot read IP mode file for STMicroelectronics.X-CUBE-NFC4.2.0.4
2022-09-24 23:17:47,681 [WARN] PackLoader:238 - Cannot read IP mode file for STMicroelectronics.X-CUBE-BLE2.3.2.2
2022-09-24 23:17:47,702 [WARN] PackLoader:238 - Cannot read IP mode file for STMicroelectronics.X-CUBE-TOF1.3.1.0
2022-09-24 23:17:47,753 [WARN] PackLoader:238 - Cannot read IP mode file for STMicroelectronics.X-CUBE-SFXS2LP1.3.1.0
2022-09-24 23:17:47,796 [INFO] DbMcusJson:93 - JSON generation date=Tue Nov 16 23:17:54 ICT 2021 (1637079474)
2022-09-24 23:17:47,813 [WARN] PackLoader:238 - Cannot read IP mode file for STMicroelectronics.X-CUBE-AZRTOS-F4.1.0.0
2022-09-24 23:17:47,865 [WARN] PackLoader:238 - Cannot read IP mode file for STMicroelectronics.X-CUBE-NFC7.1.0.0
2022-09-24 23:17:47,958 [WARN] PackLoader:238 - Cannot read IP mode file for STMicroelectronics.X-CUBE-MEMS1.9.3.0
2022-09-24 23:17:48,186 [WARN] PackLoader:238 - Cannot read IP mode file for STMicroelectronics.X-CUBE-AI.7.2.0
2022-09-24 23:17:48,222 [WARN] PackLoader:238 - Cannot read IP mode file for STMicroelectronics.X-CUBE-AZRTOS-G0.1.0.0
2022-09-24 23:17:48,258 [WARN] PackLoader:238 - Cannot read IP mode file for STMicroelectronics.X-CUBE-SFXS2LP1.4.0.0
2022-09-24 23:17:48,273 [WARN] PackLoader:238 - Cannot read IP mode file for STMicroelectronics.X-CUBE-BLE2.3.3.0
2022-09-24 23:17:48,297 [WARN] PackLoader:238 - Cannot read IP mode file for STMicroelectronics.X-CUBE-DISPLAY.2.2.0
2022-09-24 23:17:48,315 [WARN] PackLoader:238 - Cannot read IP mode file for STMicroelectronics.X-CUBE-ISPU.1.0.0
2022-09-24 23:17:48,335 [WARN] PackLoader:238 - Cannot read IP mode file for RoweBots.I-CUBE-UNISONRTOS.5.5.0-4
2022-09-24 23:17:48,407 [WARN] PackLoader:238 - Cannot read IP mode file for STMicroelectronics.X-CUBE-AZRTOS-H7.2.1.0
2022-09-24 23:17:48,433 [WARN] PackLoader:238 - Cannot read IP mode file for STMicroelectronics.X-CUBE-BLEMGR.1.0.0
2022-09-24 23:17:48,449 [WARN] PackLoader:238 - Cannot read IP mode file for STMicroelectronics.X-CUBE-ALGOBUILD.1.3.0
2022-09-24 23:17:48,483 [WARN] PackLoader:238 - Cannot read IP mode file for STMicroelectronics.X-CUBE-AZRTOS-G0.1.1.0
2022-09-24 23:17:48,515 [WARN] PackLoader:238 - Cannot read IP mode file for STMicroelectronics.X-CUBE-SUBG2.5.0.0
2022-09-24 23:17:48,568 [WARN] PackLoader:238 - Cannot read IP mode file for SEGGER.I-CUBE-embOS.1.2.0
2022-09-24 23:17:48,651 [WARN] PackLoader:238 - Cannot read IP mode file for STMicroelectronics.FP-ATR-ASTRA1.1.1.1
2022-09-24 23:17:48,663 [WARN] PackLoader:238 - Cannot read IP mode file for STMicroelectronics.FP-ATR-ASTRA1.1.1.0
2022-09-24 23:17:48,708 [WARN] PackLoader:238 - Cannot read IP mode file for STMicroelectronics.X-CUBE-AZRTOS-G4.1.0.0
2022-09-24 23:17:48,724 [WARN] PackLoader:238 - Cannot read IP mode file for wolfSSL.I-CUBE-wolfSSL.5.3.0
2022-09-24 23:17:48,760 [INFO] DbMcus:175 - Found 1951 MCUs (1903 are supported by CubeMX, 1914 are visible in CubeMX)
2022-09-24 23:17:48,760 [WARN] PackLoader:238 - Cannot read IP mode file for STMicroelectronics.X-CUBE-AZRTOS-L4.1.0.0
2022-09-24 23:17:48,761 [INFO] ApiDb:251 - Load user favorites file C:\Users\hoang/.stm32cubeide/favorites.mcus.txt: 0 item(s)
2022-09-24 23:17:48,761 [INFO] ApiDb:255 - User favorites MCUs=[]
2022-09-24 23:17:48,761 [INFO] DbMcus:187 - Set 0 / 0 favorites MCUs
2022-09-24 23:17:48,780 [WARN] PackLoader:238 - Cannot read IP mode file for emotas.I-CUBE-CANOPEN.1.1.2
2022-09-24 23:17:48,792 [WARN] PackLoader:238 - Cannot read IP mode file for STMicroelectronics.X-CUBE-TOUCHGFX.4.20.0
2022-09-24 23:17:48,826 [WARN] PackLoader:238 - Cannot read IP mode file for STMicroelectronics.X-CUBE-AZRTOS-F7.1.0.0
2022-09-24 23:17:48,857 [WARN] PackLoader:238 - Cannot read IP mode file for STMicroelectronics.X-CUBE-AZRTOS-WL.1.0.0
2022-09-24 23:17:48,876 [WARN] PackLoader:238 - Cannot read IP mode file for portGmbH.I-Cube-SoM-uGOAL.1.1.0
2022-09-24 23:17:48,890 [WARN] PackLoader:238 - Cannot read IP mode file for STMicroelectronics.X-CUBE-ALS.1.0.1
2022-09-24 23:17:48,919 [WARN] PackLoader:238 - Cannot read IP mode file for STMicroelectronics.X-CUBE-AZRTOS-L5.1.0.0
2022-09-24 23:17:48,937 [WARN] PackLoader:238 - Cannot read IP mode file for STMicroelectronics.X-CUBE-EEPRMA1.3.1.1
2022-09-24 23:17:48,950 [WARN] PackLoader:238 - Cannot read IP mode file for STMicroelectronics.X-CUBE-GNSS1.5.2.0
2022-09-24 23:17:48,964 [WARN] PackLoader:238 - Cannot read IP mode file for STMicroelectronics.X-CUBE-TOF1.3.0.0
2022-09-24 23:17:48,975 [INFO] ThirdParty:915 - Integrity check success = true
2022-09-24 23:17:48,975 [INFO] IntegrityCheckThread:94 - exiting critical section [integrity check]
2022-09-24 23:17:48,975 [INFO] IntegrityCheckThread:97 - End integrity checks thread
2022-09-24 23:17:49,291 [INFO] DbMcusDocs:79 - Found 682 MCUs documents
2022-09-24 23:17:49,294 [INFO] ApiDb:276 - Save user favorites file C:\Users\hoang/.stm32cubeide/favorites.mcus.txt: 0 item(s)
2022-09-24 23:17:49,294 [INFO] ApiDb:280 - User favorites MCUs=[]
2022-09-24 23:17:49,294 [INFO] DbMcusXml:100 - Load MCU database from D:\App\STM32CubeIDE_1.7.0\STM32CubeIDE\plugins\com.st.stm32cube.common.mx_6.3.0.202107141111\\db\/mcu/families.xml
2022-09-24 23:17:49,964 [INFO] DbMcusJson:93 - JSON generation date=Tue Nov 16 23:17:54 ICT 2021 (1637079474)
2022-09-24 23:17:50,559 [INFO] DbMcus:175 - Found 1951 MCUs (1903 are supported by CubeMX, 1914 are visible in CubeMX)
2022-09-24 23:17:50,559 [INFO] ApiDb:251 - Load user favorites file C:\Users\hoang/.stm32cubeide/favorites.mcus.txt: 0 item(s)
2022-09-24 23:17:50,559 [INFO] ApiDb:255 - User favorites MCUs=[]
2022-09-24 23:17:50,559 [INFO] DbMcus:187 - Set 0 / 0 favorites MCUs
2022-09-24 23:17:50,570 [INFO] DbBoardsDocs:143 - JSON generation date=Tue Nov 16 23:17:54 ICT 2021 (1637079474)
2022-09-24 23:17:50,594 [INFO] DbBoardsPdsc:90 - Found 25 items
2022-09-24 23:17:50,604 [INFO] DbBoardsPdsc:90 - Found 9 items
2022-09-24 23:17:50,617 [INFO] DbBoardsPdsc:90 - Found 33 items
2022-09-24 23:17:50,627 [INFO] DbBoardsPdsc:90 - Found 1 items
2022-09-24 23:17:50,644 [INFO] DbBoardsPdsc:90 - Found 48 items
2022-09-24 23:17:50,662 [INFO] DbBoardsPdsc:90 - Found 43 items
2022-09-24 23:17:50,672 [INFO] DbBoardsPdsc:90 - Found 2 items
2022-09-24 23:17:50,682 [INFO] DbBoardsPdsc:90 - Found 5 items
2022-09-24 23:17:50,688 [WARN] DbBoardsPdsc:254 - Board STM32H7B3I-DK: unknown feature type=Audio, name=, username=Audio stereo codec with Headphone Amp (CS42L51-CNZ), n=1
2022-09-24 23:17:50,689 [WARN] DbBoardsPdsc:254 - Board STM32H735G-DK: unknown feature type=Audio, name=, username=Audio stereo codec with Headphone Amp (WM8994ECS/R), n=1
2022-09-24 23:17:50,690 [WARN] DbBoardsPdsc:254 - Board STM32H7B3I-EVAL: unknown feature type=Audio, name=, username=Multi-Channel Audio Codec (CS42L51-CNZ), n=1
2022-09-24 23:17:50,690 [WARN] DbBoardsPdsc:254 - Board STM32H7B3I-EVAL: unknown feature type=Meter, name=, username=Power-metering and Temperature-monitoring with sigma-delta modulators, n=1
2022-09-24 23:17:50,691 [WARN] DbBoardsPdsc:254 - Board STM32H7B3I-EVAL: unknown feature type=Motor, name=, username=Motor Control, n=1
2022-09-24 23:17:50,691 [WARN] DbBoardsPdsc:254 - Board STM32U575I-EV: unknown feature type=joystick, name=, username=4-direction joystick with selection button, n=1
2022-09-24 23:17:50,711 [INFO] DbBoardsJson:86 - JSON generation date=Tue Nov 16 23:17:54 ICT 2021 (1637079474)
2022-09-24 23:17:50,720 [INFO] DbBoards:117 - Found 167 boards (163 are supported by CubeMX)
2022-09-24 23:17:50,722 [INFO] DbBoardsDocs:143 - JSON generation date=Tue Nov 16 23:17:54 ICT 2021 (1637079474)
2022-09-24 23:17:50,726 [INFO] DbBoardsDocs:79 - Found 209 boards documents
2022-09-24 23:17:50,728 [WARN] DbBoards:127 - board B-L475E-IOT01A2 has no document id list !
2022-09-24 23:17:50,730 [WARN] DbBoards:127 - board NUCLEO-H743ZI has no document id list !
2022-09-24 23:17:50,731 [WARN] DbBoards:127 - board NUCLEO-WL55JC2 has no document id list !
2022-09-24 23:17:50,731 [WARN] DbBoards:127 - board P-NUCLEO-WB55-Nucleo has no document id list !
2022-09-24 23:17:50,731 [WARN] DbBoards:127 - board P-NUCLEO-WB55-USBDongle has no document id list !
2022-09-24 23:17:50,731 [WARN] DbBoards:127 - board STEVAL-BFA001V1B has no document id list !
2022-09-24 23:17:50,732 [WARN] DbBoards:127 - board STEVAL-BFA001V2B has no document id list !
2022-09-24 23:17:50,732 [WARN] DbBoards:127 - board STEVAL-IDP005V1 has no document id list !
2022-09-24 23:17:50,732 [WARN] DbBoards:127 - board STEVAL-IDP005V2 has no document id list !
2022-09-24 23:17:50,732 [WARN] DbBoards:127 - board STEVAL-MKSBOX1V1 has no document id list !
2022-09-24 23:17:50,732 [WARN] DbBoards:127 - board STEVAL-STWINKT1 has no document id list !
2022-09-24 23:17:50,732 [WARN] DbBoards:127 - board STEVAL-STWINKT1B has no document id list !
2022-09-24 23:17:50,732 [WARN] DbBoards:127 - board STM32439I-EVAL2 has no document id list !
2022-09-24 23:17:50,733 [WARN] DbBoards:127 - board STM32F401C-DISCO has no document id list !
2022-09-24 23:17:50,734 [WARN] DbBoards:127 - board STM32F769I-DISC1 has no document id list !
2022-09-24 23:17:50,734 [WARN] DbBoards:127 - board STM32G474E-EVAL1 has no document id list !
2022-09-24 23:17:50,735 [WARN] DbBoards:127 - board STM32H743I-EVAL2 has no document id list !
2022-09-24 23:17:50,735 [WARN] DbBoards:127 - board STM32H747I-DISC1 has no document id list !
2022-09-24 23:17:50,735 [WARN] DbBoards:127 - board STM32H753I-EVAL2 has no document id list !
2022-09-24 23:17:50,735 [WARN] DbBoards:127 - board STM32L-DISCOVERY has no document id list !
2022-09-24 23:17:50,944 [ERROR] DbBoards:189 - Image file not found for board B-U585I-IOT02A: D:\App\STM32CubeIDE_1.7.0\STM32CubeIDE\plugins\com.st.stm32cube.common.mx_6.3.0.202107141111\\db\/plugins/mcufinder/images/boards/B-U585I-IOT02A_small.jpg
2022-09-24 23:17:51,094 [ERROR] DbBoards:189 - Image file not found for board NUCLEO-F413ZH: D:\App\STM32CubeIDE_1.7.0\STM32CubeIDE\plugins\com.st.stm32cube.common.mx_6.3.0.202107141111\\db\/plugins/mcufinder/images/boards/nucleo-f413zh_small.jpg
2022-09-24 23:17:51,291 [ERROR] DbBoards:189 - Image file not found for board NUCLEO-L552ZE-Q: D:\App\STM32CubeIDE_1.7.0\STM32CubeIDE\plugins\com.st.stm32cube.common.mx_6.3.0.202107141111\\db\/plugins/mcufinder/images/boards/nucleo_l552ze_q_small.jpg
2022-09-24 23:17:51,291 [ERROR] DbBoards:189 - Image file not found for board NUCLEO-U575ZI-Q: D:\App\STM32CubeIDE_1.7.0\STM32CubeIDE\plugins\com.st.stm32cube.common.mx_6.3.0.202107141111\\db\/plugins/mcufinder/images/boards/nucleo-u575zi-q_small.jpg
2022-09-24 23:17:51,291 [ERROR] DbBoards:189 - Image file not found for board NUCLEO-WB15CC: D:\App\STM32CubeIDE_1.7.0\STM32CubeIDE\plugins\com.st.stm32cube.common.mx_6.3.0.202107141111\\db\/plugins/mcufinder/images/boards/nucleo-wb15cc_small.jpg
2022-09-24 23:17:51,291 [ERROR] DbBoards:189 - Image file not found for board NUCLEO-WB55RG: D:\App\STM32CubeIDE_1.7.0\STM32CubeIDE\plugins\com.st.stm32cube.common.mx_6.3.0.202107141111\\db\/plugins/mcufinder/images/boards/nucleo-wb55rg_small.jpg
2022-09-24 23:17:52,886 [INFO] ApiDb:251 - Load user favorites file C:\Users\hoang/.stm32cubeide/favorites.boards.txt: 0 item(s)
2022-09-24 23:17:52,886 [INFO] ApiDb:255 - User favorites Boards=[]
2022-09-24 23:17:52,886 [INFO] DbBoards:206 - Set 0 / 0 favorites Boards
2022-09-24 23:17:52,889 [INFO] DbBoardsDocs:79 - Found 418 boards documents
2022-09-24 23:17:52,889 [INFO] ApiDb:276 - Save user favorites file C:\Users\hoang/.stm32cubeide/favorites.boards.txt: 0 item(s)
2022-09-24 23:17:52,890 [INFO] ApiDb:280 - User favorites Boards=[]
2022-09-24 23:17:52,892 [INFO] DbBoardsPdsc:90 - Found 25 items
2022-09-24 23:17:52,894 [INFO] DbBoardsPdsc:90 - Found 9 items
2022-09-24 23:17:52,896 [INFO] DbBoardsPdsc:90 - Found 33 items
2022-09-24 23:17:52,897 [INFO] DbBoardsPdsc:90 - Found 1 items
2022-09-24 23:17:52,902 [INFO] DbBoardsPdsc:90 - Found 48 items
2022-09-24 23:17:52,907 [INFO] DbBoardsPdsc:90 - Found 43 items
2022-09-24 23:17:52,908 [INFO] DbBoardsPdsc:90 - Found 2 items
2022-09-24 23:17:52,910 [INFO] DbBoardsPdsc:90 - Found 5 items
2022-09-24 23:17:52,933 [WARN] DbBoardsPdsc:254 - Board STM32H7B3I-DK: unknown feature type=Audio, name=, username=Audio stereo codec with Headphone Amp (CS42L51-CNZ), n=1
2022-09-24 23:17:52,934 [WARN] DbBoardsPdsc:254 - Board STM32H735G-DK: unknown feature type=Audio, name=, username=Audio stereo codec with Headphone Amp (WM8994ECS/R), n=1
2022-09-24 23:17:52,936 [WARN] DbBoardsPdsc:254 - Board STM32H7B3I-EVAL: unknown feature type=Audio, name=, username=Multi-Channel Audio Codec (CS42L51-CNZ), n=1
2022-09-24 23:17:52,937 [WARN] DbBoardsPdsc:254 - Board STM32H7B3I-EVAL: unknown feature type=Meter, name=, username=Power-metering and Temperature-monitoring with sigma-delta modulators, n=1
2022-09-24 23:17:52,937 [WARN] DbBoardsPdsc:254 - Board STM32H7B3I-EVAL: unknown feature type=Motor, name=, username=Motor Control, n=1
2022-09-24 23:17:52,938 [WARN] DbBoardsPdsc:254 - Board STM32U575I-EV: unknown feature type=joystick, name=, username=4-direction joystick with selection button, n=1
2022-09-24 23:17:52,966 [INFO] DbBoardsJson:86 - JSON generation date=Tue Nov 16 23:17:54 ICT 2021 (1637079474)
2022-09-24 23:17:52,971 [INFO] DbBoards:117 - Found 167 boards (163 are supported by CubeMX)
2022-09-24 23:17:52,972 [WARN] DbBoards:127 - board B-L475E-IOT01A2 has no document id list !
2022-09-24 23:17:52,974 [WARN] DbBoards:127 - board NUCLEO-H743ZI has no document id list !
2022-09-24 23:17:52,974 [WARN] DbBoards:127 - board NUCLEO-WL55JC2 has no document id list !
2022-09-24 23:17:52,974 [WARN] DbBoards:127 - board P-NUCLEO-WB55-Nucleo has no document id list !
2022-09-24 23:17:52,974 [WARN] DbBoards:127 - board P-NUCLEO-WB55-USBDongle has no document id list !
2022-09-24 23:17:52,974 [WARN] DbBoards:127 - board STEVAL-BFA001V1B has no document id list !
2022-09-24 23:17:52,974 [WARN] DbBoards:127 - board STEVAL-BFA001V2B has no document id list !
2022-09-24 23:17:52,975 [WARN] DbBoards:127 - board STEVAL-IDP005V1 has no document id list !
2022-09-24 23:17:52,975 [WARN] DbBoards:127 - board STEVAL-IDP005V2 has no document id list !
2022-09-24 23:17:52,975 [WARN] DbBoards:127 - board STEVAL-MKSBOX1V1 has no document id list !
2022-09-24 23:17:52,975 [WARN] DbBoards:127 - board STEVAL-STWINKT1 has no document id list !
2022-09-24 23:17:52,975 [WARN] DbBoards:127 - board STEVAL-STWINKT1B has no document id list !
2022-09-24 23:17:52,975 [WARN] DbBoards:127 - board STM32439I-EVAL2 has no document id list !
2022-09-24 23:17:52,975 [WARN] DbBoards:127 - board STM32F401C-DISCO has no document id list !
2022-09-24 23:17:52,975 [WARN] DbBoards:127 - board STM32F769I-DISC1 has no document id list !
2022-09-24 23:17:52,975 [WARN] DbBoards:127 - board STM32G474E-EVAL1 has no document id list !
2022-09-24 23:17:52,975 [WARN] DbBoards:127 - board STM32H743I-EVAL2 has no document id list !
2022-09-24 23:17:52,975 [WARN] DbBoards:127 - board STM32H747I-DISC1 has no document id list !
2022-09-24 23:17:52,975 [WARN] DbBoards:127 - board STM32H753I-EVAL2 has no document id list !
2022-09-24 23:17:52,976 [WARN] DbBoards:127 - board STM32L-DISCOVERY has no document id list !
2022-09-24 23:17:53,109 [ERROR] DbBoards:189 - Image file not found for board B-U585I-IOT02A: D:\App\STM32CubeIDE_1.7.0\STM32CubeIDE\plugins\com.st.stm32cube.common.mx_6.3.0.202107141111\\db\/plugins/mcufinder/images/boards/B-U585I-IOT02A_small.jpg
2022-09-24 23:17:53,206 [ERROR] DbBoards:189 - Image file not found for board NUCLEO-F413ZH: D:\App\STM32CubeIDE_1.7.0\STM32CubeIDE\plugins\com.st.stm32cube.common.mx_6.3.0.202107141111\\db\/plugins/mcufinder/images/boards/nucleo-f413zh_small.jpg
2022-09-24 23:17:53,445 [ERROR] DbBoards:189 - Image file not found for board NUCLEO-L552ZE-Q: D:\App\STM32CubeIDE_1.7.0\STM32CubeIDE\plugins\com.st.stm32cube.common.mx_6.3.0.202107141111\\db\/plugins/mcufinder/images/boards/nucleo_l552ze_q_small.jpg
2022-09-24 23:17:53,446 [ERROR] DbBoards:189 - Image file not found for board NUCLEO-U575ZI-Q: D:\App\STM32CubeIDE_1.7.0\STM32CubeIDE\plugins\com.st.stm32cube.common.mx_6.3.0.202107141111\\db\/plugins/mcufinder/images/boards/nucleo-u575zi-q_small.jpg
2022-09-24 23:17:53,446 [ERROR] DbBoards:189 - Image file not found for board NUCLEO-WB15CC: D:\App\STM32CubeIDE_1.7.0\STM32CubeIDE\plugins\com.st.stm32cube.common.mx_6.3.0.202107141111\\db\/plugins/mcufinder/images/boards/nucleo-wb15cc_small.jpg
2022-09-24 23:17:53,446 [ERROR] DbBoards:189 - Image file not found for board NUCLEO-WB55RG: D:\App\STM32CubeIDE_1.7.0\STM32CubeIDE\plugins\com.st.stm32cube.common.mx_6.3.0.202107141111\\db\/plugins/mcufinder/images/boards/nucleo-wb55rg_small.jpg
2022-09-24 23:17:54,205 [INFO] ApiDb:251 - Load user favorites file C:\Users\hoang/.stm32cubeide/favorites.boards.txt: 0 item(s)
2022-09-24 23:17:54,205 [INFO] ApiDb:255 - User favorites Boards=[]
2022-09-24 23:17:54,205 [INFO] DbBoards:206 - Set 0 / 0 favorites Boards
2022-09-24 23:17:54,218 [ERROR] TargetSelectorAdapter:232 - Unable to refresh data
2022-09-24 23:17:54,225 [INFO] McuFinderGlobals:52 - Set McuFinderConnectedMode to true
2022-09-24 23:17:54,408 [INFO] ServerAccessManage:362 - Download File mcusAds.json._tmp_
2022-09-24 23:17:54,447 [INFO] McuFinderGlobals:52 - Set McuFinderConnectedMode to false
2022-09-24 23:17:54,532 [INFO] LoadUrlFilesThread:145 - End of LoadUrlFiles Thread
2022-09-24 23:17:54,565 [INFO] CrossSelectorPresenter:1330 - Cross Selector saved comparison directory: C:\Users\hoang\.stmcufinder\plugins\mcufinder\mcu\cs_comparisons_mx
2022-09-24 23:17:54,573 [INFO] MultiScanPanel:197 - Auto-refresh data requested => check proxy status ongoing
2022-09-24 23:17:54,574 [INFO] MultiScanPanel:201 - Proxy status is invalid
2022-09-24 23:17:54,577 [INFO] FinderPluginLoader:87 - Searching for filters in installed packs
2022-09-24 23:17:55,193 [INFO] DetailPanel:309 - Set advertising image to C:/Users/hoang/STM32Cube/Repository/\en.Prom_NBSTM32U50921.jpg
2022-09-24 23:17:56,688 [INFO] ServerAccessManage:362 - Download File mcusDocs.json._tmp_
2022-09-24 23:17:57,522 [INFO] LoadUrlFilesThread:145 - End of LoadUrlFiles Thread
2022-09-24 23:17:57,740 [INFO] ServerAccessManage:362 - Download File mcusFeaturesAndDescription.json._tmp_
2022-09-24 23:18:08,595 [INFO] LoadUrlFilesThread:145 - End of LoadUrlFiles Thread
2022-09-24 23:18:08,855 [INFO] ServerAccessManage:362 - Download File boardsDocs.json._tmp_
2022-09-24 23:18:08,993 [INFO] LoadUrlFilesThread:145 - End of LoadUrlFiles Thread
2022-09-24 23:18:09,216 [INFO] ServerAccessManage:362 - Download File boards.json._tmp_
2022-09-24 23:18:09,856 [INFO] LoadUrlFilesThread:145 - End of LoadUrlFiles Thread
2022-09-24 23:18:10,255 [INFO] ServerAccessManage:362 - Download File cube-finder-db.zip
2022-09-24 23:18:46,116 [INFO] FileExtend:235 - Unzip File : cube-finder-db.zip
2022-09-24 23:18:46,118 [INFO] FileExtend:250 - Standard Zip Deflate
2022-09-24 23:18:47,160 [INFO] LoadUrlFilesThread:145 - End of LoadUrlFiles Thread
2022-09-24 23:18:48,327 [INFO] ServerAccessManage:362 - Download File crdb.zip
2022-09-24 23:18:50,282 [INFO] FileExtend:235 - Unzip File : crdb.zip
2022-09-24 23:18:50,285 [INFO] FileExtend:250 - Standard Zip Deflate
2022-09-24 23:18:50,445 [INFO] LoadUrlFilesThread:145 - End of LoadUrlFiles Thread
2022-09-24 23:18:50,844 [INFO] ServerAccessManage:362 - Download File tutoVideoDB.zip
2022-09-24 23:18:50,956 [INFO] FileExtend:235 - Unzip File : tutoVideoDB.zip
2022-09-24 23:18:50,957 [INFO] FileExtend:250 - Standard Zip Deflate
2022-09-24 23:18:51,074 [INFO] LoadUrlFilesThread:145 - End of LoadUrlFiles Thread
2022-09-24 23:18:51,074 [INFO] DbMcusAds:47 - JSON generation date=Thu Sep 30 13:55:09 ICT 2021 (1632984909247)
2022-09-24 23:18:51,085 [INFO] DbMcusDocs:143 - JSON generation date=Tue Nov 16 23:17:54 ICT 2021 (1637079474)
2022-09-24 23:18:51,720 [INFO] DbMcusDocs:79 - Found 682 MCUs documents
2022-09-24 23:18:51,722 [INFO] ApiDb:276 - Save user favorites file C:\Users\hoang/.stm32cubeide/favorites.mcus.txt: 0 item(s)
2022-09-24 23:18:51,722 [INFO] ApiDb:280 - User favorites MCUs=[]
2022-09-24 23:18:51,722 [INFO] DbMcusXml:100 - Load MCU database from D:\App\STM32CubeIDE_1.7.0\STM32CubeIDE\plugins\com.st.stm32cube.common.mx_6.3.0.202107141111\\db\/mcu/families.xml
2022-09-24 23:18:52,327 [INFO] DbMcusJson:93 - JSON generation date=Tue Nov 16 23:17:54 ICT 2021 (1637079474)
2022-09-24 23:18:53,264 [INFO] DbMcus:175 - Found 1951 MCUs (1903 are supported by CubeMX, 1914 are visible in CubeMX)
2022-09-24 23:18:53,265 [INFO] ApiDb:251 - Load user favorites file C:\Users\hoang/.stm32cubeide/favorites.mcus.txt: 0 item(s)
2022-09-24 23:18:53,265 [INFO] ApiDb:255 - User favorites MCUs=[]
2022-09-24 23:18:53,265 [INFO] DbMcus:187 - Set 0 / 0 favorites MCUs
2022-09-24 23:18:53,826 [INFO] DbBoardsDocs:143 - JSON generation date=Tue Nov 16 23:17:54 ICT 2021 (1637079474)
2022-09-24 23:18:53,830 [INFO] DbBoardsDocs:79 - Found 209 boards documents
2022-09-24 23:18:53,832 [INFO] ApiDb:276 - Save user favorites file C:\Users\hoang/.stm32cubeide/favorites.boards.txt: 0 item(s)
2022-09-24 23:18:53,832 [INFO] ApiDb:280 - User favorites Boards=[]
2022-09-24 23:18:53,836 [INFO] DbBoardsPdsc:90 - Found 25 items
2022-09-24 23:18:53,838 [INFO] DbBoardsPdsc:90 - Found 9 items
2022-09-24 23:18:53,842 [INFO] DbBoardsPdsc:90 - Found 33 items
2022-09-24 23:18:53,843 [INFO] DbBoardsPdsc:90 - Found 1 items
2022-09-24 23:18:53,851 [INFO] DbBoardsPdsc:90 - Found 48 items
2022-09-24 23:18:53,858 [INFO] DbBoardsPdsc:90 - Found 43 items
2022-09-24 23:18:53,860 [INFO] DbBoardsPdsc:90 - Found 2 items
2022-09-24 23:18:53,862 [INFO] DbBoardsPdsc:90 - Found 5 items
2022-09-24 23:18:53,883 [WARN] DbBoardsPdsc:254 - Board STM32H7B3I-DK: unknown feature type=Audio, name=, username=Audio stereo codec with Headphone Amp (CS42L51-CNZ), n=1
2022-09-24 23:18:53,883 [WARN] DbBoardsPdsc:254 - Board STM32H735G-DK: unknown feature type=Audio, name=, username=Audio stereo codec with Headphone Amp (WM8994ECS/R), n=1
2022-09-24 23:18:53,885 [WARN] DbBoardsPdsc:254 - Board STM32H7B3I-EVAL: unknown feature type=Audio, name=, username=Multi-Channel Audio Codec (CS42L51-CNZ), n=1
2022-09-24 23:18:53,885 [WARN] DbBoardsPdsc:254 - Board STM32H7B3I-EVAL: unknown feature type=Meter, name=, username=Power-metering and Temperature-monitoring with sigma-delta modulators, n=1
2022-09-24 23:18:53,885 [WARN] DbBoardsPdsc:254 - Board STM32H7B3I-EVAL: unknown feature type=Motor, name=, username=Motor Control, n=1
2022-09-24 23:18:53,886 [WARN] DbBoardsPdsc:254 - Board STM32U575I-EV: unknown feature type=joystick, name=, username=4-direction joystick with selection button, n=1
2022-09-24 23:18:53,909 [INFO] DbBoardsJson:86 - JSON generation date=Tue Nov 16 23:17:54 ICT 2021 (1637079474)
2022-09-24 23:18:53,917 [INFO] DbBoards:117 - Found 167 boards (163 are supported by CubeMX)
2022-09-24 23:18:53,917 [WARN] DbBoards:127 - board B-L475E-IOT01A2 has no document id list !
2022-09-24 23:18:53,918 [WARN] DbBoards:127 - board NUCLEO-H743ZI has no document id list !
2022-09-24 23:18:53,918 [WARN] DbBoards:127 - board NUCLEO-WL55JC2 has no document id list !
2022-09-24 23:18:53,918 [WARN] DbBoards:127 - board P-NUCLEO-WB55-Nucleo has no document id list !
2022-09-24 23:18:53,918 [WARN] DbBoards:127 - board P-NUCLEO-WB55-USBDongle has no document id list !
2022-09-24 23:18:53,918 [WARN] DbBoards:127 - board STEVAL-BFA001V1B has no document id list !
2022-09-24 23:18:53,918 [WARN] DbBoards:127 - board STEVAL-BFA001V2B has no document id list !
2022-09-24 23:18:53,918 [WARN] DbBoards:127 - board STEVAL-IDP005V1 has no document id list !
2022-09-24 23:18:53,918 [WARN] DbBoards:127 - board STEVAL-IDP005V2 has no document id list !
2022-09-24 23:18:53,918 [WARN] DbBoards:127 - board STEVAL-MKSBOX1V1 has no document id list !
2022-09-24 23:18:53,918 [WARN] DbBoards:127 - board STEVAL-STWINKT1 has no document id list !
2022-09-24 23:18:53,918 [WARN] DbBoards:127 - board STEVAL-STWINKT1B has no document id list !
2022-09-24 23:18:53,918 [WARN] DbBoards:127 - board STM32439I-EVAL2 has no document id list !
2022-09-24 23:18:53,919 [WARN] DbBoards:127 - board STM32F401C-DISCO has no document id list !
2022-09-24 23:18:53,919 [WARN] DbBoards:127 - board STM32F769I-DISC1 has no document id list !
2022-09-24 23:18:53,919 [WARN] DbBoards:127 - board STM32G474E-EVAL1 has no document id list !
2022-09-24 23:18:53,919 [WARN] DbBoards:127 - board STM32H743I-EVAL2 has no document id list !
2022-09-24 23:18:53,919 [WARN] DbBoards:127 - board STM32H747I-DISC1 has no document id list !
2022-09-24 23:18:53,919 [WARN] DbBoards:127 - board STM32H753I-EVAL2 has no document id list !
2022-09-24 23:18:53,919 [WARN] DbBoards:127 - board STM32L-DISCOVERY has no document id list !
2022-09-24 23:18:54,042 [ERROR] DbBoards:189 - Image file not found for board B-U585I-IOT02A: D:\App\STM32CubeIDE_1.7.0\STM32CubeIDE\plugins\com.st.stm32cube.common.mx_6.3.0.202107141111\\db\/plugins/mcufinder/images/boards/B-U585I-IOT02A_small.jpg
2022-09-24 23:18:54,149 [ERROR] DbBoards:189 - Image file not found for board NUCLEO-F413ZH: D:\App\STM32CubeIDE_1.7.0\STM32CubeIDE\plugins\com.st.stm32cube.common.mx_6.3.0.202107141111\\db\/plugins/mcufinder/images/boards/nucleo-f413zh_small.jpg
2022-09-24 23:18:54,378 [ERROR] DbBoards:189 - Image file not found for board NUCLEO-L552ZE-Q: D:\App\STM32CubeIDE_1.7.0\STM32CubeIDE\plugins\com.st.stm32cube.common.mx_6.3.0.202107141111\\db\/plugins/mcufinder/images/boards/nucleo_l552ze_q_small.jpg
2022-09-24 23:18:54,379 [ERROR] DbBoards:189 - Image file not found for board NUCLEO-U575ZI-Q: D:\App\STM32CubeIDE_1.7.0\STM32CubeIDE\plugins\com.st.stm32cube.common.mx_6.3.0.202107141111\\db\/plugins/mcufinder/images/boards/nucleo-u575zi-q_small.jpg
2022-09-24 23:18:54,379 [ERROR] DbBoards:189 - Image file not found for board NUCLEO-WB15CC: D:\App\STM32CubeIDE_1.7.0\STM32CubeIDE\plugins\com.st.stm32cube.common.mx_6.3.0.202107141111\\db\/plugins/mcufinder/images/boards/nucleo-wb15cc_small.jpg
2022-09-24 23:18:54,379 [ERROR] DbBoards:189 - Image file not found for board NUCLEO-WB55RG: D:\App\STM32CubeIDE_1.7.0\STM32CubeIDE\plugins\com.st.stm32cube.common.mx_6.3.0.202107141111\\db\/plugins/mcufinder/images/boards/nucleo-wb55rg_small.jpg
2022-09-24 23:18:55,260 [INFO] ApiDb:251 - Load user favorites file C:\Users\hoang/.stm32cubeide/favorites.boards.txt: 0 item(s)
2022-09-24 23:18:55,261 [INFO] ApiDb:255 - User favorites Boards=[]
2022-09-24 23:18:55,261 [INFO] DbBoards:206 - Set 0 / 0 favorites Boards
2022-09-24 23:18:55,502 [ERROR] TargetSelectorAdapter:232 - Unable to refresh data
2022-09-24 23:18:55,538 [INFO] McuFinderGlobals:52 - Set McuFinderConnectedMode to false
2022-09-24 23:18:55,550 [INFO] CrossSelectorPresenter:1330 - Cross Selector saved comparison directory: C:\Users\hoang\.stmcufinder\plugins\mcufinder\mcu\cs_comparisons_mx
2022-09-24 23:18:55,551 [INFO] MultiScanPanel:197 - Auto-refresh data requested => check proxy status ongoing
2022-09-24 23:18:55,551 [INFO] MultiScanPanel:201 - Proxy status is invalid
2022-09-24 23:18:55,552 [INFO] FinderPluginLoader:87 - Searching for filters in installed packs
2022-09-24 23:18:55,900 [INFO] DetailPanel:309 - Set advertising image to C:/Users/hoang/STM32Cube/Repository/\en.Prom_NBSTM32U50921.jpg
2022-09-24 23:19:51,984 [INFO] MainUpdater:2671 - connection check result : 10
2022-09-24 23:19:51,984 [INFO] MainUpdater:2671 - connection check result : 10
2022-09-24 23:19:52,032 [INFO] MicroXplorer:448 - Change Database Path : 
2022-09-24 23:19:52,033 [INFO] MicroXplorer:478 - Change Database Version : DB.6.0.30
2022-09-24 23:19:52,033 [WARN] ThirdParty:813 - waiting for thirdparty lock release [close project]
2022-09-24 23:19:52,033 [INFO] ThirdParty:815 - entering critical section [close project]
2022-09-24 23:19:52,034 [INFO] ThirdParty:825 - exiting critical section [close project]
2022-09-24 23:19:52,037 [INFO] PinOutPanel:1463 - setPackage(No Configuration,No Configuration)
2022-09-24 23:19:52,038 [INFO] UtilMem:74 - Begin LoadConfig() Used Memory: 717630624 Bytes (994050048)
2022-09-24 23:19:52,039 [INFO] MicroXplorer:448 - Change Database Path : 
2022-09-24 23:19:52,039 [INFO] MicroXplorer:478 - Change Database Version : DB.6.0.30
2022-09-24 23:19:52,039 [INFO] OpenFileManager:313 - Change cursor
2022-09-24 23:19:52,922 [INFO] Context:592 - Trying to add GPIOservice into a context  which must be forbidden
2022-09-24 23:19:53,187 [INFO] ImportTextPane:167 - (OptionalMessage_ERROR) Unable to find key (Mcu.ThirdPartyNb) in loaded IOC file
2022-09-24 23:19:53,187 [INFO] ImportTextPane:167 - (OptionalMessage_ERROR) Unable to find key (Mcu.PinsNb) in loaded IOC file
2022-09-24 23:19:53,188 [INFO] ImportTextPane:167 - (OptionalMessage_ERROR) Unable to find key (Mcu.IPNb) in loaded IOC file
2022-09-24 23:19:53,258 [WARN] ApiManager:304 - Cannot register API 'Board Extension:GNSS1A1' from pack STMicroelectronics.X-CUBE-GNSS1.6.0.0: no header file found
2022-09-24 23:19:53,258 [WARN] ApiManager:304 - Cannot register API 'Board Support:Custom' from pack STMicroelectronics.X-CUBE-GNSS1.6.0.0: no header file found
2022-09-24 23:19:53,258 [WARN] ApiManager:304 - Cannot register API 'Data Exchange:lib_gnss' from pack STMicroelectronics.X-CUBE-GNSS1.6.0.0: no header file found
2022-09-24 23:19:53,479 [WARN] ApiManager:304 - Cannot register API 'Board Extension:IKS01A3' from pack STMicroelectronics.X-CUBE-MEMS1.9.2.0: no header file found
2022-09-24 23:19:53,479 [WARN] ApiManager:304 - Cannot register API 'Board Extension:IKS01A2' from pack STMicroelectronics.X-CUBE-MEMS1.9.2.0: no header file found
2022-09-24 23:19:53,479 [WARN] ApiManager:304 - Cannot register API 'Board Extension:IKS02A1' from pack STMicroelectronics.X-CUBE-MEMS1.9.2.0: no header file found
2022-09-24 23:19:53,498 [WARN] ApiManager:304 - Cannot register API 'Wireless:BlueNRG-MS' from pack STMicroelectronics.X-CUBE-BLE1.6.2.3: no header file found
2022-09-24 23:19:53,501 [INFO] RtosManager:484 - Registered RTOS mode: class=CMSIS, group=RTOS, mode=CMSIS_V1, owner=FREERTOS
2022-09-24 23:19:53,501 [INFO] RtosManager:484 - Registered RTOS mode: class=CMSIS, group=RTOS2, mode=CMSIS_V2, owner=FREERTOS
2022-09-24 23:19:53,502 [INFO] RtosManager:484 - Registered RTOS mode: class=RTOS, group=Core, mode=CMSIS_V1, owner=FREERTOS
2022-09-24 23:19:53,502 [INFO] RtosManager:484 - Registered RTOS mode: class=RTOS, group=Core, mode=CMSIS_V2, owner=FREERTOS
2022-09-24 23:19:53,502 [WARN] ModelIntegratedComponent:181 - Missing modes for component STMicroelectronics:FreeRTOS:0.0.1:STMicroelectronics:RTOS:FreeRTOS:Core:::10.2.0:
2022-09-24 23:19:53,508 [WARN] ApiManager:304 - Cannot register API 'Board Extension:S2868A1' from pack STMicroelectronics.X-CUBE-SUBG2.5.0.0: no header file found
2022-09-24 23:19:53,508 [WARN] ApiManager:304 - Cannot register API 'Board Extension:S2868A2' from pack STMicroelectronics.X-CUBE-SUBG2.5.0.0: no header file found
2022-09-24 23:19:53,508 [WARN] ApiManager:304 - Cannot register API 'Board Extension:S2915A1' from pack STMicroelectronics.X-CUBE-SUBG2.5.0.0: no header file found
2022-09-24 23:19:53,515 [WARN] ApiManager:304 - Cannot register API 'Board Extension:NFC04A1' from pack STMicroelectronics.X-CUBE-NFC4.2.0.4: no header file found
2022-09-24 23:19:53,516 [WARN] ApiManager:304 - Cannot register API 'Wireless:BlueNRG-2' from pack STMicroelectronics.X-CUBE-BLE2.3.2.2: no header file found
2022-09-24 23:19:53,519 [WARN] ApiManager:304 - Cannot register API 'Board Extension:S2868A1' from pack STMicroelectronics.X-CUBE-SFXS2LP1.3.1.0: no header file found
2022-09-24 23:19:53,519 [WARN] ApiManager:304 - Cannot register API 'Board Extension:S2868A2' from pack STMicroelectronics.X-CUBE-SFXS2LP1.3.1.0: no header file found
2022-09-24 23:19:53,519 [WARN] ApiManager:304 - Cannot register API 'Board Extension:S2915A1' from pack STMicroelectronics.X-CUBE-SFXS2LP1.3.1.0: no header file found
2022-09-24 23:19:53,524 [WARN] ModelIntegratedComponent:60 - No mode defined for component null
2022-09-24 23:19:53,524 [WARN] ModelIntegratedComponent:60 - No mode defined for component null
2022-09-24 23:19:53,524 [WARN] ModelIntegratedComponent:60 - No mode defined for component null
2022-09-24 23:19:53,525 [WARN] ModelIntegratedComponent:60 - No mode defined for component null
2022-09-24 23:19:53,525 [WARN] ModelIntegratedComponent:60 - No mode defined for component null
2022-09-24 23:19:53,525 [WARN] ModelIntegratedComponent:60 - No mode defined for component null
2022-09-24 23:19:53,525 [WARN] ModelIntegratedComponent:60 - No mode defined for component null
2022-09-24 23:19:53,525 [WARN] ModelIntegratedComponent:60 - No mode defined for component null
2022-09-24 23:19:53,525 [WARN] ModelIntegratedComponent:60 - No mode defined for component null
2022-09-24 23:19:53,525 [WARN] ModelIntegratedComponent:60 - No mode defined for component null
2022-09-24 23:19:53,525 [WARN] ModelIntegratedComponent:60 - No mode defined for component null
2022-09-24 23:19:53,525 [WARN] ModelIntegratedComponent:60 - No mode defined for component null
2022-09-24 23:19:53,525 [WARN] ModelIntegratedComponent:60 - No mode defined for component null
2022-09-24 23:19:53,525 [WARN] ModelIntegratedComponent:60 - No mode defined for component null
2022-09-24 23:19:53,525 [WARN] ModelIntegratedComponent:60 - No mode defined for component null
2022-09-24 23:19:53,525 [WARN] ModelIntegratedComponent:60 - No mode defined for component null
2022-09-24 23:19:53,526 [WARN] ModelIntegratedComponent:60 - No mode defined for component null
2022-09-24 23:19:53,526 [WARN] ModelIntegratedComponent:60 - No mode defined for component null
2022-09-24 23:19:53,526 [WARN] ModelIntegratedComponent:60 - No mode defined for component null
2022-09-24 23:19:53,526 [WARN] ModelIntegratedComponent:60 - No mode defined for component null
2022-09-24 23:19:53,526 [WARN] ModelIntegratedComponent:60 - No mode defined for component null
2022-09-24 23:19:53,526 [WARN] ModelIntegratedComponent:60 - No mode defined for component null
2022-09-24 23:19:53,526 [WARN] ModelIntegratedComponent:60 - No mode defined for component null
2022-09-24 23:19:53,526 [WARN] ModelIntegratedComponent:60 - No mode defined for component null
2022-09-24 23:19:53,526 [WARN] ModelIntegratedComponent:60 - No mode defined for component null
2022-09-24 23:19:53,526 [WARN] ModelIntegratedComponent:60 - No mode defined for component null
2022-09-24 23:19:53,526 [WARN] ModelIntegratedComponent:60 - No mode defined for component null
2022-09-24 23:19:53,526 [WARN] ModelIntegratedComponent:60 - No mode defined for component null
2022-09-24 23:19:53,526 [WARN] ModelIntegratedComponent:60 - No mode defined for component null
2022-09-24 23:19:53,526 [WARN] ModelIntegratedComponent:60 - No mode defined for component null
2022-09-24 23:19:53,527 [WARN] ModelIntegratedComponent:60 - No mode defined for component null
2022-09-24 23:19:53,529 [WARN] ApiManager:304 - Cannot register API 'Board Extension:NFC07A1' from pack STMicroelectronics.X-CUBE-NFC7.1.0.0: no header file found
2022-09-24 23:19:53,694 [WARN] ApiManager:304 - Cannot register API 'Board Extension:IKS01A3' from pack STMicroelectronics.X-CUBE-MEMS1.9.3.0: no header file found
2022-09-24 23:19:53,695 [WARN] ApiManager:304 - Cannot register API 'Board Extension:IKS01A2' from pack STMicroelectronics.X-CUBE-MEMS1.9.3.0: no header file found
2022-09-24 23:19:53,695 [WARN] ApiManager:304 - Cannot register API 'Board Extension:IKS02A1' from pack STMicroelectronics.X-CUBE-MEMS1.9.3.0: no header file found
2022-09-24 23:19:53,702 [WARN] ApiManager:304 - Cannot register API 'Board Extension:EEPRMA1' from pack STMicroelectronics.X-CUBE-EEPRMA1.3.1.1: no header file found
2022-09-24 23:19:53,703 [WARN] ApiManager:304 - Cannot register API 'Board Extension:EEPRMA2' from pack STMicroelectronics.X-CUBE-EEPRMA1.3.1.1: no header file found
2022-09-24 23:19:53,703 [WARN] ApiManager:304 - Cannot register API 'Board Extension:GNSS1A1' from pack STMicroelectronics.X-CUBE-GNSS1.5.2.0: no header file found
2022-09-24 23:19:53,703 [WARN] ApiManager:304 - Cannot register API 'Board Support:Custom' from pack STMicroelectronics.X-CUBE-GNSS1.5.2.0: no header file found
2022-09-24 23:19:53,704 [WARN] ApiManager:304 - Cannot register API 'Data Exchange:lib_gnss' from pack STMicroelectronics.X-CUBE-GNSS1.5.2.0: no header file found
2022-09-24 23:19:53,704 [WARN] ApiManager:304 - Cannot register API 'Board Extension:S2868A1' from pack STMicroelectronics.X-CUBE-SFXS2LP1.4.0.0: no header file found
2022-09-24 23:19:53,704 [WARN] ApiManager:304 - Cannot register API 'Board Extension:S2868A2' from pack STMicroelectronics.X-CUBE-SFXS2LP1.4.0.0: no header file found
2022-09-24 23:19:53,704 [WARN] ApiManager:304 - Cannot register API 'Board Extension:S2915A1' from pack STMicroelectronics.X-CUBE-SFXS2LP1.4.0.0: no header file found
2022-09-24 23:19:53,705 [WARN] ApiManager:304 - Cannot register API 'Wireless:BlueNRG-2' from pack STMicroelectronics.X-CUBE-BLE2.3.3.0: no header file found
2022-09-24 23:19:57,195 [INFO] UtilMem:74 - End LoadConfig() Used Memory: 874313832 Bytes (994050048)
2022-09-24 23:19:57,201 [WARN] ThirdParty:779 - waiting for thirdparty lock release [change project]
2022-09-24 23:19:57,202 [INFO] ThirdParty:781 - entering critical section [change project]
2022-09-24 23:19:57,202 [INFO] ThirdParty:967 - CMSIS Pack Vendor :RoweBots I-CUBE-UNISONRTOS 5.5.0-4
2022-09-24 23:19:57,202 [INFO] ThirdParty:967 - CMSIS Pack Vendor :STMicroelectronics X-CUBE-GNSS1 6.0.0
2022-09-24 23:19:57,202 [INFO] ThirdParty:967 - CMSIS Pack Vendor :STMicroelectronics X-CUBE-AZRTOS-H7 2.1.0
2022-09-24 23:19:57,202 [INFO] ThirdParty:967 - CMSIS Pack Vendor :STMicroelectronics USB_HOST 2.0.0
2022-09-24 23:19:57,202 [INFO] ThirdParty:967 - CMSIS Pack Vendor :STMicroelectronics X-CUBE-AZRTOS-F4 1.1.0
2022-09-24 23:19:57,202 [INFO] ThirdParty:967 - CMSIS Pack Vendor :STMicroelectronics USB_DEVICE 3.0.0
2022-09-24 23:19:57,202 [INFO] ThirdParty:967 - CMSIS Pack Vendor :STMicroelectronics X-CUBE-BLEMGR 1.0.0
2022-09-24 23:19:57,202 [INFO] ThirdParty:967 - CMSIS Pack Vendor :STMicroelectronics X-CUBE-MEMS1 9.2.0
2022-09-24 23:19:57,202 [INFO] ThirdParty:967 - CMSIS Pack Vendor :STMicroelectronics X-CUBE-AZRTOS-F7 1.1.0
2022-09-24 23:19:57,202 [INFO] ThirdParty:967 - CMSIS Pack Vendor :STMicroelectronics USB_DEVICE 2.0.0
2022-09-24 23:19:57,202 [INFO] ThirdParty:967 - CMSIS Pack Vendor :STMicroelectronics X-CUBE-AI 7.1.0
2022-09-24 23:19:57,202 [INFO] ThirdParty:967 - CMSIS Pack Vendor :STMicroelectronics X-CUBE-TOUCHGFX 4.19.1
2022-09-24 23:19:57,202 [INFO] ThirdParty:967 - CMSIS Pack Vendor :STMicroelectronics X-CUBE-BLE1 6.2.3
2022-09-24 23:19:57,202 [INFO] ThirdParty:967 - CMSIS Pack Vendor :STMicroelectronics X-CUBE-ALGOBUILD 1.3.0
2022-09-24 23:19:57,202 [INFO] ThirdParty:967 - CMSIS Pack Vendor :STMicroelectronics FreeRTOS 0.0.1
2022-09-24 23:19:57,202 [INFO] ThirdParty:967 - CMSIS Pack Vendor :STMicroelectronics X-CUBE-AZRTOS-G0 1.1.0
2022-09-24 23:19:57,203 [INFO] ThirdParty:967 - CMSIS Pack Vendor :STMicroelectronics X-CUBE-SUBG2 5.0.0
2022-09-24 23:19:57,203 [INFO] ThirdParty:967 - CMSIS Pack Vendor :SEGGER I-CUBE-embOS 1.2.0
2022-09-24 23:19:57,203 [INFO] ThirdParty:967 - CMSIS Pack Vendor :STMicroelectronics lwIP 2.0.3
2022-09-24 23:19:57,203 [INFO] ThirdParty:967 - CMSIS Pack Vendor :STMicroelectronics X-CUBE-NFC4 2.0.4
2022-09-24 23:19:57,203 [INFO] ThirdParty:967 - CMSIS Pack Vendor :STMicroelectronics X-CUBE-BLE2 3.2.2
2022-09-24 23:19:57,203 [INFO] ThirdParty:967 - CMSIS Pack Vendor :STMicroelectronics USB_HOST 1.0.0
2022-09-24 23:19:57,203 [INFO] ThirdParty:967 - CMSIS Pack Vendor :STMicroelectronics PDM2PCM 3.1.0
2022-09-24 23:19:57,203 [INFO] ThirdParty:967 - CMSIS Pack Vendor :STMicroelectronics FP-ATR-ASTRA1 1.1.1
2022-09-24 23:19:57,203 [INFO] ThirdParty:967 - CMSIS Pack Vendor :STMicroelectronics PDM2PCM 3.3.0
2022-09-24 23:19:57,203 [INFO] ThirdParty:967 - CMSIS Pack Vendor :STMicroelectronics X-CUBE-TOF1 3.1.0
2022-09-24 23:19:57,203 [INFO] ThirdParty:967 - CMSIS Pack Vendor :STMicroelectronics X-CUBE-SFXS2LP1 3.1.0
2022-09-24 23:19:57,203 [INFO] ThirdParty:967 - CMSIS Pack Vendor :STMicroelectronics FP-ATR-ASTRA1 1.1.0
2022-09-24 23:19:57,203 [INFO] ThirdParty:967 - CMSIS Pack Vendor :STMicroelectronics X-CUBE-AZRTOS-F4 1.0.0
2022-09-24 23:19:57,203 [INFO] ThirdParty:967 - CMSIS Pack Vendor :STMicroelectronics X-CUBE-AZRTOS-G4 1.0.0
2022-09-24 23:19:57,203 [INFO] ThirdParty:967 - CMSIS Pack Vendor :wolfSSL I-CUBE-wolfSSL 5.3.0
2022-09-24 23:19:57,203 [INFO] ThirdParty:967 - CMSIS Pack Vendor :STMicroelectronics X-CUBE-AZRTOS-L4 1.0.0
2022-09-24 23:19:57,203 [INFO] ThirdParty:967 - CMSIS Pack Vendor :STMicroelectronics HAL Drivers 0.0.0
2022-09-24 23:19:57,203 [INFO] ThirdParty:967 - CMSIS Pack Vendor :STMicroelectronics MBEDTLS 2.16.2
2022-09-24 23:19:57,203 [INFO] ThirdParty:967 - CMSIS Pack Vendor :emotas I-CUBE-CANOPEN 1.1.2
2022-09-24 23:19:57,203 [INFO] ThirdParty:967 - CMSIS Pack Vendor :STMicroelectronics X-CUBE-TOUCHGFX 4.20.0
2022-09-24 23:19:57,204 [INFO] ThirdParty:967 - CMSIS Pack Vendor :STMicroelectronics MBEDTLS 2.14.1
2022-09-24 23:19:57,204 [INFO] ThirdParty:967 - CMSIS Pack Vendor :STMicroelectronics X-CUBE-NFC7 1.0.0
2022-09-24 23:19:57,204 [INFO] ThirdParty:967 - CMSIS Pack Vendor :STMicroelectronics X-CUBE-AZRTOS-F7 1.0.0
2022-09-24 23:19:57,204 [INFO] ThirdParty:967 - CMSIS Pack Vendor :STMicroelectronics X-CUBE-AZRTOS-WL 1.0.0
2022-09-24 23:19:57,204 [INFO] ThirdParty:967 - CMSIS Pack Vendor :STMicroelectronics X-CUBE-MEMS1 9.3.0
2022-09-24 23:19:57,204 [INFO] ThirdParty:967 - CMSIS Pack Vendor :portGmbH I-Cube-SoM-uGOAL 1.1.0
2022-09-24 23:19:57,204 [INFO] ThirdParty:967 - CMSIS Pack Vendor :STMicroelectronics X-CUBE-ALS 1.0.1
2022-09-24 23:19:57,204 [INFO] ThirdParty:967 - CMSIS Pack Vendor :STMicroelectronics X-CUBE-AI 7.2.0
2022-09-24 23:19:57,204 [INFO] ThirdParty:967 - CMSIS Pack Vendor :STMicroelectronics X-CUBE-AZRTOS-L5 1.0.0
2022-09-24 23:19:57,204 [INFO] ThirdParty:967 - CMSIS Pack Vendor :STMicroelectronics USB_DEVICE 1.0.0
2022-09-24 23:19:57,204 [INFO] ThirdParty:967 - CMSIS Pack Vendor :STMicroelectronics X-CUBE-AZRTOS-G0 1.0.0
2022-09-24 23:19:57,204 [INFO] ThirdParty:967 - CMSIS Pack Vendor :STMicroelectronics X-CUBE-EEPRMA1 3.1.1
2022-09-24 23:19:57,204 [INFO] ThirdParty:967 - CMSIS Pack Vendor :STMicroelectronics X-CUBE-GNSS1 5.2.0
2022-09-24 23:19:57,204 [INFO] ThirdParty:967 - CMSIS Pack Vendor :STMicroelectronics ThreadX 0.0.2
2022-09-24 23:19:57,204 [INFO] ThirdParty:967 - CMSIS Pack Vendor :STMicroelectronics lwIP 2.1.2
2022-09-24 23:19:57,204 [INFO] ThirdParty:967 - CMSIS Pack Vendor :STMicroelectronics X-CUBE-SFXS2LP1 4.0.0
2022-09-24 23:19:57,204 [INFO] ThirdParty:967 - CMSIS Pack Vendor :STMicroelectronics X-CUBE-BLE2 3.3.0
2022-09-24 23:19:57,204 [INFO] ThirdParty:967 - CMSIS Pack Vendor :STMicroelectronics X-CUBE-DISPLAY 2.2.0
2022-09-24 23:19:57,204 [INFO] ThirdParty:967 - CMSIS Pack Vendor :STMicroelectronics PDM2PCM 3.2.0
2022-09-24 23:19:57,205 [INFO] ThirdParty:967 - CMSIS Pack Vendor :STMicroelectronics X-CUBE-TOF1 3.0.0
2022-09-24 23:19:57,205 [INFO] ThirdParty:967 - CMSIS Pack Vendor :STMicroelectronics X-CUBE-ISPU 1.0.0
2022-09-24 23:19:57,205 [INFO] ThirdParty:787 - exiting critical section [change project]
2022-09-24 23:19:57,433 [INFO] PinOutPanel:1463 - setPackage(No Configuration,No Configuration)
2022-09-24 23:19:57,434 [INFO] PinOutPanel:1463 - setPackage(STM32F103C6Ux,UFQFPN48)
2022-09-24 23:19:57,814 [INFO] UtilMem:74 - Before build in PCC Used Memory: 669838984 Bytes (994050048)
2022-09-24 23:19:58,496 [INFO] UtilMem:74 - After build in PCC Used Memory: 748482184 Bytes (994050048)
2022-09-24 23:19:58,514 [INFO] IPUIPlugin:74 - create IPUIPlugin
2022-09-24 23:19:58,514 [INFO] IPUIPlugin:74 - create IPUIPlugin
2022-09-24 23:19:58,514 [INFO] IPUIPlugin:74 - create IPUIPlugin
2022-09-24 23:19:58,515 [INFO] IPUIPlugin:74 - create IPUIPlugin
2022-09-24 23:19:58,515 [INFO] IPUIPlugin:74 - create IPUIPlugin
2022-09-24 23:19:58,515 [INFO] IPUIPlugin:74 - create IPUIPlugin
2022-09-24 23:19:58,515 [INFO] IPUIPlugin:74 - create IPUIPlugin
2022-09-24 23:19:58,515 [INFO] IPUIPlugin:74 - create IPUIPlugin
2022-09-24 23:19:58,515 [INFO] IPUIPlugin:74 - create IPUIPlugin
2022-09-24 23:19:58,515 [INFO] IPUIPlugin:74 - create IPUIPlugin
2022-09-24 23:19:58,516 [INFO] IPUIPlugin:74 - create IPUIPlugin
2022-09-24 23:19:58,516 [INFO] IPUIPlugin:74 - create IPUIPlugin
2022-09-24 23:19:58,516 [INFO] IPUIPlugin:74 - create IPUIPlugin
2022-09-24 23:19:58,516 [INFO] IPUIPlugin:74 - create IPUIPlugin
2022-09-24 23:19:58,516 [INFO] IPUIPlugin:74 - create IPUIPlugin
2022-09-24 23:19:58,517 [INFO] IPUIPlugin:74 - create IPUIPlugin
2022-09-24 23:19:58,517 [INFO] IPUIPlugin:74 - create IPUIPlugin
2022-09-24 23:19:58,517 [INFO] IPUIPlugin:74 - create IPUIPlugin
2022-09-24 23:19:58,517 [INFO] IPUIPlugin:74 - create IPUIPlugin
2022-09-24 23:19:58,518 [INFO] IPUIPlugin:74 - create IPUIPlugin
2022-09-24 23:19:58,518 [INFO] IPUIPlugin:74 - create IPUIPlugin
2022-09-24 23:19:58,518 [INFO] IPUIPlugin:74 - create IPUIPlugin
2022-09-24 23:19:58,519 [INFO] IPUIPlugin:74 - create IPUIPlugin
2022-09-24 23:19:58,690 [INFO] OpenFileManager:333 - Restore cursor
2022-09-24 23:19:59,023 [INFO] UtilMem:74 - End SaveConfig() Used Memory: 814542472 Bytes (994050048)
2022-09-24 23:19:59,073 [INFO] UtilMem:74 - End SaveConfig() Used Memory: 827647624 Bytes (994050048)
2022-09-24 23:19:59,390 [INFO] BlockDiagram:2740 - set Specific Code input for plugin: NVIC
2022-09-24 23:19:59,390 [INFO] BlockDiagram:2740 - set Specific Code input for plugin: SYS
2022-09-24 23:19:59,390 [INFO] BlockDiagram:2740 - set Specific Code input for plugin: RCC
2022-09-24 23:19:59,391 [INFO] CodeGenerator:663 - code generatio: config db path: D:\App\STM32CubeIDE_1.7.0\STM32CubeIDE\plugins\com.st.stm32cube.common.mx_6.3.0.202107141111\\db\
2022-09-24 23:19:59,788 [INFO] CodeEngine:239 - oldGeneratedFile, D:\3rdYear\Microcontroller\STM32CubeIDE\Lab1\Ex1\MXTmpFiles\license.tmp_save
2022-09-24 23:20:00,172 [INFO] CodeEngine:257 - Generated code: D:\3rdYear\Microcontroller\STM32CubeIDE\Lab1\Ex1\MXTmpFiles\license.tmp
2022-09-24 23:20:00,311 [INFO] CodeEngine:239 - oldGeneratedFile, D:\3rdYear\Microcontroller\STM32CubeIDE\Lab1\Ex1\Core\Src\stm32f1xx_it.c_save
2022-09-24 23:20:00,446 [INFO] CodeEngine:257 - Generated code: D:\3rdYear\Microcontroller\STM32CubeIDE\Lab1\Ex1\Core\Src\stm32f1xx_it.c
2022-09-24 23:20:00,456 [INFO] CodeEngine:239 - oldGeneratedFile, D:\3rdYear\Microcontroller\STM32CubeIDE\Lab1\Ex1\Core\Inc\stm32f1xx_it.h_save
2022-09-24 23:20:00,552 [INFO] CodeEngine:257 - Generated code: D:\3rdYear\Microcontroller\STM32CubeIDE\Lab1\Ex1\Core\Inc\stm32f1xx_it.h
2022-09-24 23:20:00,570 [INFO] CodeEngine:239 - oldGeneratedFile, D:\3rdYear\Microcontroller\STM32CubeIDE\Lab1\Ex1\Core\Src\stm32f1xx_hal_msp.c_save
2022-09-24 23:20:00,681 [INFO] CodeEngine:257 - Generated code: D:\3rdYear\Microcontroller\STM32CubeIDE\Lab1\Ex1\Core\Src\stm32f1xx_hal_msp.c
2022-09-24 23:20:00,689 [INFO] CodeEngine:239 - oldGeneratedFile, D:\3rdYear\Microcontroller\STM32CubeIDE\Lab1\Ex1\MXTmpFiles\system.tmp_save
2022-09-24 23:20:00,745 [INFO] CodeEngine:257 - Generated code: D:\3rdYear\Microcontroller\STM32CubeIDE\Lab1\Ex1\MXTmpFiles\system.tmp
2022-09-24 23:20:00,759 [INFO] CodeEngine:239 - oldGeneratedFile, D:\3rdYear\Microcontroller\STM32CubeIDE\Lab1\Ex1\Core\Inc\stm32f1xx_hal_conf.h_save
2022-09-24 23:20:00,849 [INFO] CodeEngine:257 - Generated code: D:\3rdYear\Microcontroller\STM32CubeIDE\Lab1\Ex1\Core\Inc\stm32f1xx_hal_conf.h
2022-09-24 23:20:00,900 [INFO] CodeEngine:239 - oldGeneratedFile, D:\3rdYear\Microcontroller\STM32CubeIDE\Lab1\Ex1\Core\Inc\main.h_save
2022-09-24 23:20:00,979 [INFO] CodeEngine:257 - Generated code: D:\3rdYear\Microcontroller\STM32CubeIDE\Lab1\Ex1\Core\Inc\main.h
2022-09-24 23:20:00,989 [INFO] CodeEngine:239 - oldGeneratedFile, D:\3rdYear\Microcontroller\STM32CubeIDE\Lab1\Ex1\Core\Src\main.c_save
2022-09-24 23:20:01,091 [INFO] CodeEngine:257 - Generated code: D:\3rdYear\Microcontroller\STM32CubeIDE\Lab1\Ex1\Core\Src\main.c
2022-09-24 23:20:02,138 [INFO] ProjectBuilder:2578 - Time for Copy HAL[1] : 223mS.
2022-09-24 23:20:02,144 [INFO] ProjectBuilder:3622 - Project Generator version: 3.14.1
2022-09-24 23:20:02,623 [INFO] ConfigFileManager:1271 - The Die is : DIE412
2022-09-24 23:20:02,646 [INFO] ApiDbMcu:468 - Load IP Config File for FATFS
2022-09-24 23:20:02,684 [INFO] ApiDbMcu:468 - Load IP Config File for FREERTOS
2022-09-24 23:20:02,717 [INFO] ApiDbMcu:468 - Load IP Config File for USB_DEVICE
2022-09-24 23:20:10,414 [INFO] ProjectBuilder:3789 - Time for Generating toolchain IDE Files: 8270mS.
2022-09-24 23:20:10,415 [INFO] ProjectBuilder:2457 - Time for Copy CMSIS : 1mS.
2022-09-24 23:20:10,416 [INFO] ProjectBuilder:2457 - Time for Copy CMSIS : 0mS.
2022-09-24 23:20:11,098 [INFO] McuFinderGlobals:52 - Set McuFinderConnectedMode to true
2022-09-24 23:20:11,100 [INFO] ApiDb:276 - Save user favorites file C:\Users\hoang/.stm32cubeide/favorites.mcus.txt: 0 item(s)
2022-09-24 23:20:11,100 [INFO] ApiDb:280 - User favorites MCUs=[]
2022-09-24 23:21:04,250 [INFO] UtilMem:74 - End SaveConfig() Used Memory: 813871912 Bytes (1073741824)
2022-09-24 23:21:05,728 [INFO] UtilMem:74 - End SaveConfig() Used Memory: 836487984 Bytes (1073741824)
2022-09-24 23:21:10,191 [INFO] UtilMem:74 - End SaveConfig() Used Memory: 700636392 Bytes (1073741824)
2022-09-24 23:21:10,566 [INFO] BlockDiagram:2740 - set Specific Code input for plugin: NVIC
2022-09-24 23:21:10,566 [INFO] BlockDiagram:2740 - set Specific Code input for plugin: SYS
2022-09-24 23:21:10,566 [INFO] BlockDiagram:2740 - set Specific Code input for plugin: GPIO
2022-09-24 23:21:10,567 [INFO] BlockDiagram:2740 - set Specific Code input for plugin: RCC
2022-09-24 23:21:10,567 [INFO] CodeGenerator:663 - code generatio: config db path: D:\App\STM32CubeIDE_1.7.0\STM32CubeIDE\plugins\com.st.stm32cube.common.mx_6.3.0.202107141111\\db\
2022-09-24 23:21:10,912 [INFO] CodeEngine:239 - oldGeneratedFile, D:\3rdYear\Microcontroller\STM32CubeIDE\Lab1\Ex1\MXTmpFiles\license.tmp_save
2022-09-24 23:21:10,979 [INFO] CodeEngine:257 - Generated code: D:\3rdYear\Microcontroller\STM32CubeIDE\Lab1\Ex1\MXTmpFiles\license.tmp
2022-09-24 23:21:11,029 [INFO] CodeEngine:239 - oldGeneratedFile, D:\3rdYear\Microcontroller\STM32CubeIDE\Lab1\Ex1\MXTmpFiles\gpio.tmp_save
2022-09-24 23:21:11,098 [INFO] CodeEngine:257 - Generated code: D:\3rdYear\Microcontroller\STM32CubeIDE\Lab1\Ex1\MXTmpFiles\gpio.tmp
2022-09-24 23:21:11,118 [INFO] CodeEngine:239 - oldGeneratedFile, D:\3rdYear\Microcontroller\STM32CubeIDE\Lab1\Ex1\Core\Src\stm32f1xx_it.c_save
2022-09-24 23:21:11,195 [INFO] CodeEngine:257 - Generated code: D:\3rdYear\Microcontroller\STM32CubeIDE\Lab1\Ex1\Core\Src\stm32f1xx_it.c
2022-09-24 23:21:11,199 [INFO] CodeEngine:239 - oldGeneratedFile, D:\3rdYear\Microcontroller\STM32CubeIDE\Lab1\Ex1\Core\Inc\stm32f1xx_it.h_save
2022-09-24 23:21:11,256 [INFO] CodeEngine:257 - Generated code: D:\3rdYear\Microcontroller\STM32CubeIDE\Lab1\Ex1\Core\Inc\stm32f1xx_it.h
2022-09-24 23:21:11,271 [INFO] CodeEngine:239 - oldGeneratedFile, D:\3rdYear\Microcontroller\STM32CubeIDE\Lab1\Ex1\Core\Src\stm32f1xx_hal_msp.c_save
2022-09-24 23:21:11,389 [INFO] CodeEngine:257 - Generated code: D:\3rdYear\Microcontroller\STM32CubeIDE\Lab1\Ex1\Core\Src\stm32f1xx_hal_msp.c
2022-09-24 23:21:11,392 [INFO] CodeEngine:239 - oldGeneratedFile, D:\3rdYear\Microcontroller\STM32CubeIDE\Lab1\Ex1\MXTmpFiles\system.tmp_save
2022-09-24 23:21:11,439 [INFO] CodeEngine:257 - Generated code: D:\3rdYear\Microcontroller\STM32CubeIDE\Lab1\Ex1\MXTmpFiles\system.tmp
2022-09-24 23:21:11,453 [INFO] CodeEngine:239 - oldGeneratedFile, D:\3rdYear\Microcontroller\STM32CubeIDE\Lab1\Ex1\Core\Inc\stm32f1xx_hal_conf.h_save
2022-09-24 23:21:11,531 [INFO] CodeEngine:257 - Generated code: D:\3rdYear\Microcontroller\STM32CubeIDE\Lab1\Ex1\Core\Inc\stm32f1xx_hal_conf.h
2022-09-24 23:21:11,558 [INFO] CodeEngine:239 - oldGeneratedFile, D:\3rdYear\Microcontroller\STM32CubeIDE\Lab1\Ex1\Core\Inc\main.h_save
2022-09-24 23:21:11,642 [INFO] CodeEngine:257 - Generated code: D:\3rdYear\Microcontroller\STM32CubeIDE\Lab1\Ex1\Core\Inc\main.h
2022-09-24 23:21:11,654 [INFO] CodeEngine:239 - oldGeneratedFile, D:\3rdYear\Microcontroller\STM32CubeIDE\Lab1\Ex1\Core\Src\main.c_save
2022-09-24 23:21:11,766 [INFO] CodeEngine:257 - Generated code: D:\3rdYear\Microcontroller\STM32CubeIDE\Lab1\Ex1\Core\Src\main.c
2022-09-24 23:21:12,852 [INFO] ProjectBuilder:2578 - Time for Copy HAL[1] : 105mS.
2022-09-24 23:21:12,854 [INFO] ProjectBuilder:3622 - Project Generator version: 3.14.1
2022-09-24 23:21:13,345 [INFO] ConfigFileManager:1271 - The Die is : DIE412
2022-09-24 23:21:15,375 [INFO] ProjectBuilder:3789 - Time for Generating toolchain IDE Files: 2521mS.
2022-09-24 23:21:15,376 [INFO] ProjectBuilder:2457 - Time for Copy CMSIS : 1mS.
2022-09-24 23:21:15,377 [INFO] ProjectBuilder:2457 - Time for Copy CMSIS : 0mS.
2022-09-25 01:06:40,057 [ERROR] LogOutputStream:74 - [STDERR_REDIRECT] Exception in thread "AWT-EventQueue-0" org.eclipse.swt.SWTException: Device is disposed
2022-09-25 01:06:40,058 [ERROR] LogOutputStream:74 - [STDERR_REDIRECT] 	at org.eclipse.swt.SWT.error(SWT.java:4889)
2022-09-25 01:06:40,059 [ERROR] LogOutputStream:74 - [STDERR_REDIRECT] 	at org.eclipse.swt.SWT.error(SWT.java:4804)
2022-09-25 01:06:40,060 [ERROR] LogOutputStream:74 - [STDERR_REDIRECT] 	at org.eclipse.swt.SWT.error(SWT.java:4775)
2022-09-25 01:06:40,062 [ERROR] LogOutputStream:74 - [STDERR_REDIRECT] 	at org.eclipse.swt.widgets.Display.error(Display.java:1262)
2022-09-25 01:06:40,063 [ERROR] LogOutputStream:74 - [STDERR_REDIRECT] 	at org.eclipse.swt.widgets.Display.asyncExec(Display.java:779)
2022-09-25 01:06:40,065 [ERROR] LogOutputStream:74 - [STDERR_REDIRECT] 	at com.st.stm32cube.common.mx.oss.core.awtswtbridge.AwtEnvironment$2.run(AwtEnvironment.java:168)
2022-09-25 01:06:40,067 [ERROR] LogOutputStream:74 - [STDERR_REDIRECT] 	at java.desktop/java.awt.event.InvocationEvent.dispatch(InvocationEvent.java:313)
2022-09-25 01:06:40,068 [ERROR] LogOutputStream:74 - [STDERR_REDIRECT] 	at java.desktop/java.awt.EventQueue.dispatchEventImpl(EventQueue.java:770)
2022-09-25 01:06:40,069 [ERROR] LogOutputStream:74 - [STDERR_REDIRECT] 	at java.desktop/java.awt.EventQueue$4.run(EventQueue.java:721)
2022-09-25 01:06:40,070 [ERROR] LogOutputStream:74 - [STDERR_REDIRECT] 	at java.desktop/java.awt.EventQueue$4.run(EventQueue.java:715)
2022-09-25 01:06:40,071 [ERROR] LogOutputStream:74 - [STDERR_REDIRECT] 	at java.base/java.security.AccessController.doPrivileged(Native Method)
2022-09-25 01:06:40,073 [ERROR] LogOutputStream:74 - [STDERR_REDIRECT] 	at java.base/java.security.ProtectionDomain$JavaSecurityAccessImpl.doIntersectionPrivilege(ProtectionDomain.java:85)
2022-09-25 01:06:40,074 [ERROR] LogOutputStream:74 - [STDERR_REDIRECT] 	at java.desktop/java.awt.EventQueue.dispatchEvent(EventQueue.java:740)
2022-09-25 01:06:40,076 [ERROR] LogOutputStream:74 - [STDERR_REDIRECT] 	at java.desktop/java.awt.EventDispatchThread.pumpOneEventForFilters(EventDispatchThread.java:203)
2022-09-25 01:06:40,077 [ERROR] LogOutputStream:74 - [STDERR_REDIRECT] 	at java.desktop/java.awt.EventDispatchThread.pumpEventsForFilter(EventDispatchThread.java:124)
2022-09-25 01:06:40,078 [ERROR] LogOutputStream:74 - [STDERR_REDIRECT] 	at java.desktop/java.awt.EventDispatchThread.pumpEventsForHierarchy(EventDispatchThread.java:113)
2022-09-25 01:06:40,080 [ERROR] LogOutputStream:74 - [STDERR_REDIRECT] 	at java.desktop/java.awt.EventDispatchThread.pumpEvents(EventDispatchThread.java:109)
2022-09-25 01:06:40,082 [ERROR] LogOutputStream:74 - [STDERR_REDIRECT] 	at java.desktop/java.awt.EventDispatchThread.pumpEvents(EventDispatchThread.java:101)
2022-09-25 01:06:40,083 [ERROR] LogOutputStream:74 - [STDERR_REDIRECT] 	at java.desktop/java.awt.EventDispatchThread.run(EventDispatchThread.java:90)
